# JRE version: OpenJDK Runtime Environment (8.0_242-b01) (build 1.8.0_242-release-1644-b01)
# Java VM: OpenJDK 64-Bit Server VM (25.242-b01 mixed mode windows-amd64 compressed oops)
Heap:
 PSYoungGen      total 224256K, used 26973K [0x00000000d5580000, 0x00000000e6d00000, 0x0000000100000000)
  eden space 203264K, 3% used [0x00000000d5580000,0x00000000d5ba3200,0x00000000e1c00000)
  from space 20992K, 98% used [0x00000000e1c00000,0x00000000e3034270,0x00000000e3080000)
  to   space 24576K, 0% used [0x00000000e5500000,0x00000000e5500000,0x00000000e6d00000)
 ParOldGen       total 95744K, used 38484K [0x0000000080000000, 0x0000000085d80000, 0x00000000d5580000)
  object space 95744K, 40% used [0x0000000080000000,0x00000000825951c0,0x0000000085d80000)
 Metaspace       used 66582K, capacity 69444K, committed 69656K, reserved 1110016K
  class space    used 9119K, capacity 9677K, committed 9776K, reserved 1048576K
GC Heap History (10 events):
Event: 5.272 GC heap before
{Heap before GC invocations=12 (full 2):
 PSYoungGen      total 182784K, used 8772K [0x00000000d5580000, 0x00000000e1500000, 0x0000000100000000)
  eden space 170496K, 0% used [0x00000000d5580000,0x00000000d5580000,0x00000000dfc00000)
  from space 12288K, 71% used [0x00000000e0900000,0x00000000e11911f0,0x00000000e1500000)
  to   space 12800K, 0% used [0x00000000dfc00000,0x00000000dfc00000,0x00000000e0880000)
 ParOldGen       total 34304K, used 13841K [0x0000000080000000, 0x0000000082180000, 0x00000000d5580000)
  object space 34304K, 40% used [0x0000000080000000,0x0000000080d84470,0x0000000082180000)
 Metaspace       used 34273K, capacity 35412K, committed 35496K, reserved 1079296K
  class space    used 4718K, capacity 5001K, committed 5040K, reserved 1048576K
Event: 5.365 GC heap after
Heap after GC invocations=12 (full 2):
 PSYoungGen      total 182784K, used 0K [0x00000000d5580000, 0x00000000e1500000, 0x0000000100000000)
  eden space 170496K, 0% used [0x00000000d5580000,0x00000000d5580000,0x00000000dfc00000)
  from space 12288K, 0% used [0x00000000e0900000,0x00000000e0900000,0x00000000e1500000)
  to   space 12800K, 0% used [0x00000000dfc00000,0x00000000dfc00000,0x00000000e0880000)
 ParOldGen       total 54272K, used 15186K [0x0000000080000000, 0x0000000083500000, 0x00000000d5580000)
  object space 54272K, 27% used [0x0000000080000000,0x0000000080ed4830,0x0000000083500000)
 Metaspace       used 34273K, capacity 35412K, committed 35496K, reserved 1079296K
  class space    used 4718K, capacity 5001K, committed 5040K, reserved 1048576K
}
Event: 6.935 GC heap before
{Heap before GC invocations=13 (full 2):
 PSYoungGen      total 182784K, used 170496K [0x00000000d5580000, 0x00000000e1500000, 0x0000000100000000)
  eden space 170496K, 100% used [0x00000000d5580000,0x00000000dfc00000,0x00000000dfc00000)
  from space 12288K, 0% used [0x00000000e0900000,0x00000000e0900000,0x00000000e1500000)
  to   space 12800K, 0% used [0x00000000dfc00000,0x00000000dfc00000,0x00000000e0880000)
 ParOldGen       total 54272K, used 15186K [0x0000000080000000, 0x0000000083500000, 0x00000000d5580000)
  object space 54272K, 27% used [0x0000000080000000,0x0000000080ed4830,0x0000000083500000)
 Metaspace       used 43115K, capacity 44968K, committed 45224K, reserved 1087488K
  class space    used 5852K, capacity 6208K, committed 6320K, reserved 1048576K
Event: 6.950 GC heap after
Heap after GC invocations=13 (full 2):
 PSYoungGen      total 183296K, used 12318K [0x00000000d5580000, 0x00000000e3f00000, 0x0000000100000000)
  eden space 170496K, 0% used [0x00000000d5580000,0x00000000d5580000,0x00000000dfc00000)
  from space 12800K, 96% used [0x00000000dfc00000,0x00000000e08078c0,0x00000000e0880000)
  to   space 14848K, 0% used [0x00000000e3080000,0x00000000e3080000,0x00000000e3f00000)
 ParOldGen       total 54272K, used 15194K [0x0000000080000000, 0x0000000083500000, 0x00000000d5580000)
  object space 54272K, 27% used [0x0000000080000000,0x0000000080ed6830,0x0000000083500000)
 Metaspace       used 43115K, capacity 44968K, committed 45224K, reserved 1087488K
  class space    used 5852K, capacity 6208K, committed 6320K, reserved 1048576K
}
Event: 9.148 GC heap before
{Heap before GC invocations=14 (full 2):
 PSYoungGen      total 183296K, used 179920K [0x00000000d5580000, 0x00000000e3f00000, 0x0000000100000000)
  eden space 170496K, 98% used [0x00000000d5580000,0x00000000df92c8b0,0x00000000dfc00000)
  from space 12800K, 96% used [0x00000000dfc00000,0x00000000e08078c0,0x00000000e0880000)
  to   space 14848K, 0% used [0x00000000e3080000,0x00000000e3080000,0x00000000e3f00000)
 ParOldGen       total 54272K, used 15194K [0x0000000080000000, 0x0000000083500000, 0x00000000d5580000)
  object space 54272K, 27% used [0x0000000080000000,0x0000000080ed6830,0x0000000083500000)
 Metaspace       used 56804K, capacity 59014K, committed 59160K, reserved 1099776K
  class space    used 7687K, capacity 8150K, committed 8240K, reserved 1048576K
Event: 9.186 GC heap after
Heap after GC invocations=14 (full 2):
 PSYoungGen      total 218112K, used 14844K [0x00000000d5580000, 0x00000000e4a80000, 0x0000000100000000)
  eden space 203264K, 0% used [0x00000000d5580000,0x00000000d5580000,0x00000000e1c00000)
  from space 14848K, 99% used [0x00000000e3080000,0x00000000e3eff330,0x00000000e3f00000)
  to   space 20992K, 0% used [0x00000000e1c00000,0x00000000e1c00000,0x00000000e3080000)
 ParOldGen       total 54272K, used 26513K [0x0000000080000000, 0x0000000083500000, 0x00000000d5580000)
  object space 54272K, 48% used [0x0000000080000000,0x00000000819e4618,0x0000000083500000)
 Metaspace       used 56804K, capacity 59014K, committed 59160K, reserved 1099776K
  class space    used 7687K, capacity 8150K, committed 8240K, reserved 1048576K
}
Event: 9.186 GC heap before
{Heap before GC invocations=15 (full 3):
 PSYoungGen      total 218112K, used 14844K [0x00000000d5580000, 0x00000000e4a80000, 0x0000000100000000)
  eden space 203264K, 0% used [0x00000000d5580000,0x00000000d5580000,0x00000000e1c00000)
  from space 14848K, 99% used [0x00000000e3080000,0x00000000e3eff330,0x00000000e3f00000)
  to   space 20992K, 0% used [0x00000000e1c00000,0x00000000e1c00000,0x00000000e3080000)
 ParOldGen       total 54272K, used 26513K [0x0000000080000000, 0x0000000083500000, 0x00000000d5580000)
  object space 54272K, 48% used [0x0000000080000000,0x00000000819e4618,0x0000000083500000)
 Metaspace       used 56804K, capacity 59014K, committed 59160K, reserved 1099776K
  class space    used 7687K, capacity 8150K, committed 8240K, reserved 1048576K
Event: 9.425 GC heap after
Heap after GC invocations=15 (full 3):
 PSYoungGen      total 218112K, used 0K [0x00000000d5580000, 0x00000000e4a80000, 0x0000000100000000)
  eden space 203264K, 0% used [0x00000000d5580000,0x00000000d5580000,0x00000000e1c00000)
  from space 14848K, 0% used [0x00000000e3080000,0x00000000e3080000,0x00000000e3f00000)
  to   space 20992K, 0% used [0x00000000e1c00000,0x00000000e1c00000,0x00000000e3080000)
 ParOldGen       total 95744K, used 38476K [0x0000000080000000, 0x0000000085d80000, 0x00000000d5580000)
  object space 95744K, 40% used [0x0000000080000000,0x00000000825931c0,0x0000000085d80000)
 Metaspace       used 56784K, capacity 58948K, committed 59160K, reserved 1099776K
  class space    used 7681K, capacity 8139K, committed 8240K, reserved 1048576K
}
Event: 12.929 GC heap before
{Heap before GC invocations=16 (full 3):
 PSYoungGen      total 218112K, used 203264K [0x00000000d5580000, 0x00000000e4a80000, 0x0000000100000000)
  eden space 203264K, 100% used [0x00000000d5580000,0x00000000e1c00000,0x00000000e1c00000)
  from space 14848K, 0% used [0x00000000e3080000,0x00000000e3080000,0x00000000e3f00000)
  to   space 20992K, 0% used [0x00000000e1c00000,0x00000000e1c00000,0x00000000e3080000)
 ParOldGen       total 95744K, used 38476K [0x0000000080000000, 0x0000000085d80000, 0x00000000d5580000)
  object space 95744K, 40% used [0x0000000080000000,0x00000000825931c0,0x0000000085d80000)
 Metaspace       used 66562K, capacity 69444K, committed 69656K, reserved 1110016K
  class space    used 9119K, capacity 9677K, committed 9776K, reserved 1048576K
Event: 12.954 GC heap after
Heap after GC invocations=16 (full 3):
 PSYoungGen      total 224256K, used 20688K [0x00000000d5580000, 0x00000000e6d00000, 0x0000000100000000)
  eden space 203264K, 0% used [0x00000000d5580000,0x00000000d5580000,0x00000000e1c00000)
  from space 20992K, 98% used [0x00000000e1c00000,0x00000000e3034270,0x00000000e3080000)
  to   space 24576K, 0% used [0x00000000e5500000,0x00000000e5500000,0x00000000e6d00000)
 ParOldGen       total 95744K, used 38484K [0x0000000080000000, 0x0000000085d80000, 0x00000000d5580000)
  object space 95744K, 40% used [0x0000000080000000,0x00000000825951c0,0x0000000085d80000)
 Metaspace       used 66562K, capacity 69444K, committed 69656K, reserved 1110016K
  class space    used 9119K, capacity 9677K, committed 9776K, reserved 1048576K
}

