# JRE version: OpenJDK Runtime Environment (8.0_242-b01) (build 1.8.0_242-release-1644-b01)
# Java VM: OpenJDK 64-Bit Server VM (25.242-b01 mixed mode windows-amd64 compressed oops)
Heap:
 PSYoungGen      total 203776K, used 146176K [0x00000000d5580000, 0x00000000e5600000, 0x0000000100000000)
  eden space 185856K, 69% used [0x00000000d5580000,0x00000000dd2c25d8,0x00000000e0b00000)
  from space 17920K, 99% used [0x00000000e0b00000,0x00000000e1c7dc40,0x00000000e1c80000)
  to   space 21504K, 0% used [0x00000000e4100000,0x00000000e4100000,0x00000000e5600000)
 ParOldGen       total 89600K, used 34562K [0x0000000080000000, 0x0000000085780000, 0x00000000d5580000)
  object space 89600K, 38% used [0x0000000080000000,0x00000000821c08e0,0x0000000085780000)
 Metaspace       used 75538K, capacity 78840K, committed 79000K, reserved 1118208K
  class space    used 10248K, capacity 10884K, committed 10928K, reserved 1048576K
GC Heap History (10 events):
Event: 12.201 GC heap before
{Heap before GC invocations=16 (full 2):
 PSYoungGen      total 133120K, used 131026K [0x00000000d5580000, 0x00000000e0300000, 0x0000000100000000)
  eden space 123392K, 100% used [0x00000000d5580000,0x00000000dce00000,0x00000000dce00000)
  from space 9728K, 78% used [0x00000000dce00000,0x00000000dd574b68,0x00000000dd780000)
  to   space 10240K, 0% used [0x00000000df900000,0x00000000df900000,0x00000000e0300000)
 ParOldGen       total 51712K, used 14473K [0x0000000080000000, 0x0000000083280000, 0x00000000d5580000)
  object space 51712K, 27% used [0x0000000080000000,0x0000000080e22780,0x0000000083280000)
 Metaspace       used 51842K, capacity 53844K, committed 53928K, reserved 1095680K
  class space    used 6893K, capacity 7312K, committed 7344K, reserved 1048576K
Event: 12.235 GC heap after
Heap after GC invocations=16 (full 2):
 PSYoungGen      total 162304K, used 10236K [0x00000000d5580000, 0x00000000e0b00000, 0x0000000100000000)
  eden space 152064K, 0% used [0x00000000d5580000,0x00000000d5580000,0x00000000dea00000)
  from space 10240K, 99% used [0x00000000df900000,0x00000000e02ff320,0x00000000e0300000)
  to   space 15360K, 0% used [0x00000000dea00000,0x00000000dea00000,0x00000000df900000)
 ParOldGen       total 51712K, used 24433K [0x0000000080000000, 0x0000000083280000, 0x00000000d5580000)
  object space 51712K, 47% used [0x0000000080000000,0x00000000817dc760,0x0000000083280000)
 Metaspace       used 51842K, capacity 53844K, committed 53928K, reserved 1095680K
  class space    used 6893K, capacity 7312K, committed 7344K, reserved 1048576K
}
Event: 13.563 GC heap before
{Heap before GC invocations=17 (full 2):
 PSYoungGen      total 162304K, used 89181K [0x00000000d5580000, 0x00000000e0b00000, 0x0000000100000000)
  eden space 152064K, 51% used [0x00000000d5580000,0x00000000da2984b0,0x00000000dea00000)
  from space 10240K, 99% used [0x00000000df900000,0x00000000e02ff320,0x00000000e0300000)
  to   space 15360K, 0% used [0x00000000dea00000,0x00000000dea00000,0x00000000df900000)
 ParOldGen       total 51712K, used 24433K [0x0000000080000000, 0x0000000083280000, 0x00000000d5580000)
  object space 51712K, 47% used [0x0000000080000000,0x00000000817dc760,0x0000000083280000)
 Metaspace       used 56846K, capacity 59006K, committed 59160K, reserved 1099776K
  class space    used 7697K, capacity 8148K, committed 8240K, reserved 1048576K
Event: 13.593 GC heap after
Heap after GC invocations=17 (full 2):
 PSYoungGen      total 167424K, used 9469K [0x00000000d5580000, 0x00000000e2f00000, 0x0000000100000000)
  eden space 152064K, 0% used [0x00000000d5580000,0x00000000d5580000,0x00000000dea00000)
  from space 15360K, 61% used [0x00000000dea00000,0x00000000df33f6c0,0x00000000df900000)
  to   space 15872K, 0% used [0x00000000e1f80000,0x00000000e1f80000,0x00000000e2f00000)
 ParOldGen       total 51712K, used 34566K [0x0000000080000000, 0x0000000083280000, 0x00000000d5580000)
  object space 51712K, 66% used [0x0000000080000000,0x00000000821c1b78,0x0000000083280000)
 Metaspace       used 56846K, capacity 59006K, committed 59160K, reserved 1099776K
  class space    used 7697K, capacity 8148K, committed 8240K, reserved 1048576K
}
Event: 13.593 GC heap before
{Heap before GC invocations=18 (full 3):
 PSYoungGen      total 167424K, used 9469K [0x00000000d5580000, 0x00000000e2f00000, 0x0000000100000000)
  eden space 152064K, 0% used [0x00000000d5580000,0x00000000d5580000,0x00000000dea00000)
  from space 15360K, 61% used [0x00000000dea00000,0x00000000df33f6c0,0x00000000df900000)
  to   space 15872K, 0% used [0x00000000e1f80000,0x00000000e1f80000,0x00000000e2f00000)
 ParOldGen       total 51712K, used 34566K [0x0000000080000000, 0x0000000083280000, 0x00000000d5580000)
  object space 51712K, 66% used [0x0000000080000000,0x00000000821c1b78,0x0000000083280000)
 Metaspace       used 56846K, capacity 59006K, committed 59160K, reserved 1099776K
  class space    used 7697K, capacity 8148K, committed 8240K, reserved 1048576K
Event: 14.079 GC heap after
Heap after GC invocations=18 (full 3):
 PSYoungGen      total 167424K, used 0K [0x00000000d5580000, 0x00000000e2f00000, 0x0000000100000000)
  eden space 152064K, 0% used [0x00000000d5580000,0x00000000d5580000,0x00000000dea00000)
  from space 15360K, 0% used [0x00000000dea00000,0x00000000dea00000,0x00000000df900000)
  to   space 15872K, 0% used [0x00000000e1f80000,0x00000000e1f80000,0x00000000e2f00000)
 ParOldGen       total 89600K, used 33054K [0x0000000080000000, 0x0000000085780000, 0x00000000d5580000)
  object space 89600K, 36% used [0x0000000080000000,0x0000000082047bd8,0x0000000085780000)
 Metaspace       used 56829K, capacity 58952K, committed 59160K, reserved 1099776K
  class space    used 7692K, capacity 8139K, committed 8240K, reserved 1048576K
}
Event: 18.273 GC heap before
{Heap before GC invocations=19 (full 3):
 PSYoungGen      total 167424K, used 152064K [0x00000000d5580000, 0x00000000e2f00000, 0x0000000100000000)
  eden space 152064K, 100% used [0x00000000d5580000,0x00000000dea00000,0x00000000dea00000)
  from space 15360K, 0% used [0x00000000dea00000,0x00000000dea00000,0x00000000df900000)
  to   space 15872K, 0% used [0x00000000e1f80000,0x00000000e1f80000,0x00000000e2f00000)
 ParOldGen       total 89600K, used 33054K [0x0000000080000000, 0x0000000085780000, 0x00000000d5580000)
  object space 89600K, 36% used [0x0000000080000000,0x0000000082047bd8,0x0000000085780000)
 Metaspace       used 65355K, capacity 68282K, committed 68504K, reserved 1107968K
  class space    used 9004K, capacity 9556K, committed 9648K, reserved 1048576K
Event: 18.461 GC heap after
Heap after GC invocations=19 (full 3):
 PSYoungGen      total 199680K, used 14639K [0x00000000d5580000, 0x00000000e2e00000, 0x0000000100000000)
  eden space 184832K, 0% used [0x00000000d5580000,0x00000000d5580000,0x00000000e0a00000)
  from space 14848K, 98% used [0x00000000e1f80000,0x00000000e2dcbd28,0x00000000e2e00000)
  to   space 17920K, 0% used [0x00000000e0b00000,0x00000000e0b00000,0x00000000e1c80000)
 ParOldGen       total 89600K, used 33062K [0x0000000080000000, 0x0000000085780000, 0x00000000d5580000)
  object space 89600K, 36% used [0x0000000080000000,0x0000000082049bd8,0x0000000085780000)
 Metaspace       used 65355K, capacity 68282K, committed 68504K, reserved 1107968K
  class space    used 9004K, capacity 9556K, committed 9648K, reserved 1048576K
}
Event: 22.391 GC heap before
{Heap before GC invocations=20 (full 3):
 PSYoungGen      total 199680K, used 199471K [0x00000000d5580000, 0x00000000e2e00000, 0x0000000100000000)
  eden space 184832K, 100% used [0x00000000d5580000,0x00000000e0a00000,0x00000000e0a00000)
  from space 14848K, 98% used [0x00000000e1f80000,0x00000000e2dcbd28,0x00000000e2e00000)
  to   space 17920K, 0% used [0x00000000e0b00000,0x00000000e0b00000,0x00000000e1c80000)
 ParOldGen       total 89600K, used 33062K [0x0000000080000000, 0x0000000085780000, 0x00000000d5580000)
  object space 89600K, 36% used [0x0000000080000000,0x0000000082049bd8,0x0000000085780000)
 Metaspace       used 69900K, capacity 73096K, committed 73240K, reserved 1112064K
  class space    used 9554K, capacity 10189K, committed 10288K, reserved 1048576K
Event: 22.761 GC heap after
Heap after GC invocations=20 (full 3):
 PSYoungGen      total 203776K, used 17911K [0x00000000d5580000, 0x00000000e5600000, 0x0000000100000000)
  eden space 185856K, 0% used [0x00000000d5580000,0x00000000d5580000,0x00000000e0b00000)
  from space 17920K, 99% used [0x00000000e0b00000,0x00000000e1c7dc40,0x00000000e1c80000)
  to   space 21504K, 0% used [0x00000000e4100000,0x00000000e4100000,0x00000000e5600000)
 ParOldGen       total 89600K, used 34562K [0x0000000080000000, 0x0000000085780000, 0x00000000d5580000)
  object space 89600K, 38% used [0x0000000080000000,0x00000000821c08e0,0x0000000085780000)
 Metaspace       used 69900K, capacity 73096K, committed 73240K, reserved 1112064K
  class space    used 9554K, capacity 10189K, committed 10288K, reserved 1048576K
}

