# JRE version: OpenJDK Runtime Environment (8.0_242-b01) (build 1.8.0_242-release-1644-b01)
# Java VM: OpenJDK 64-Bit Server VM (25.242-b01 mixed mode windows-amd64 compressed oops)
Heap:
 PSYoungGen      total 389120K, used 56874K [0x00000000d5580000, 0x00000000f0080000, 0x0000000100000000)
  eden space 340992K, 8% used [0x00000000d5580000,0x00000000d70305c8,0x00000000ea280000)
  from space 48128K, 61% used [0x00000000ea280000,0x00000000ebf5a5c8,0x00000000ed180000)
  to   space 44544K, 0% used [0x00000000ed380000,0x00000000ed380000,0x00000000eff00000)
 ParOldGen       total 173056K, used 92433K [0x0000000080000000, 0x000000008a900000, 0x00000000d5580000)
  object space 173056K, 53% used [0x0000000080000000,0x0000000085a44470,0x000000008a900000)
 Metaspace       used 101774K, capacity 106786K, committed 107160K, reserved 1142784K
  class space    used 13366K, capacity 14339K, committed 14496K, reserved 1048576K
GC Heap History (10 events):
Event: 25.602 GC heap before
{Heap before GC invocations=19 (full 3):
 PSYoungGen      total 283136K, used 283133K [0x00000000d5580000, 0x00000000ebe00000, 0x0000000100000000)
  eden space 260096K, 100% used [0x00000000d5580000,0x00000000e5380000,0x00000000e5380000)
  from space 23040K, 99% used [0x00000000e5380000,0x00000000e69ff530,0x00000000e6a00000)
  to   space 31232K, 0% used [0x00000000e9f80000,0x00000000e9f80000,0x00000000ebe00000)
 ParOldGen       total 89088K, used 42384K [0x0000000080000000, 0x0000000085700000, 0x00000000d5580000)
  object space 89088K, 47% used [0x0000000080000000,0x0000000082964318,0x0000000085700000)
 Metaspace       used 90647K, capacity 95752K, committed 96024K, reserved 1132544K
  class space    used 12452K, capacity 13476K, committed 13600K, reserved 1048576K
Event: 25.666 GC heap after
Heap after GC invocations=19 (full 3):
 PSYoungGen      total 332800K, used 30025K [0x00000000d5580000, 0x00000000ed300000, 0x0000000100000000)
  eden space 301568K, 0% used [0x00000000d5580000,0x00000000d5580000,0x00000000e7c00000)
  from space 31232K, 96% used [0x00000000e9f80000,0x00000000ebcd2628,0x00000000ebe00000)
  to   space 36352K, 0% used [0x00000000e7c00000,0x00000000e7c00000,0x00000000e9f80000)
 ParOldGen       total 89088K, used 64910K [0x0000000080000000, 0x0000000085700000, 0x00000000d5580000)
  object space 89088K, 72% used [0x0000000080000000,0x0000000083f63bc8,0x0000000085700000)
 Metaspace       used 90647K, capacity 95752K, committed 96024K, reserved 1132544K
  class space    used 12452K, capacity 13476K, committed 13600K, reserved 1048576K
}
Event: 28.445 GC heap before
{Heap before GC invocations=20 (full 3):
 PSYoungGen      total 332800K, used 331593K [0x00000000d5580000, 0x00000000ed300000, 0x0000000100000000)
  eden space 301568K, 100% used [0x00000000d5580000,0x00000000e7c00000,0x00000000e7c00000)
  from space 31232K, 96% used [0x00000000e9f80000,0x00000000ebcd2628,0x00000000ebe00000)
  to   space 36352K, 0% used [0x00000000e7c00000,0x00000000e7c00000,0x00000000e9f80000)
 ParOldGen       total 89088K, used 64910K [0x0000000080000000, 0x0000000085700000, 0x00000000d5580000)
  object space 89088K, 72% used [0x0000000080000000,0x0000000083f63bc8,0x0000000085700000)
 Metaspace       used 91984K, capacity 97218K, committed 97432K, reserved 1132544K
  class space    used 12652K, capacity 13699K, committed 13728K, reserved 1048576K
Event: 28.505 GC heap after
Heap after GC invocations=20 (full 3):
 PSYoungGen      total 337920K, used 36343K [0x00000000d5580000, 0x00000000eff00000, 0x0000000100000000)
  eden space 301568K, 0% used [0x00000000d5580000,0x00000000d5580000,0x00000000e7c00000)
  from space 36352K, 99% used [0x00000000e7c00000,0x00000000e9f7df68,0x00000000e9f80000)
  to   space 44544K, 0% used [0x00000000ed380000,0x00000000ed380000,0x00000000eff00000)
 ParOldGen       total 89088K, used 70573K [0x0000000080000000, 0x0000000085700000, 0x00000000d5580000)
  object space 89088K, 79% used [0x0000000080000000,0x00000000844eb690,0x0000000085700000)
 Metaspace       used 91984K, capacity 97218K, committed 97432K, reserved 1132544K
  class space    used 12652K, capacity 13699K, committed 13728K, reserved 1048576K
}
Event: 28.505 GC heap before
{Heap before GC invocations=21 (full 4):
 PSYoungGen      total 337920K, used 36343K [0x00000000d5580000, 0x00000000eff00000, 0x0000000100000000)
  eden space 301568K, 0% used [0x00000000d5580000,0x00000000d5580000,0x00000000e7c00000)
  from space 36352K, 99% used [0x00000000e7c00000,0x00000000e9f7df68,0x00000000e9f80000)
  to   space 44544K, 0% used [0x00000000ed380000,0x00000000ed380000,0x00000000eff00000)
 ParOldGen       total 89088K, used 70573K [0x0000000080000000, 0x0000000085700000, 0x00000000d5580000)
  object space 89088K, 79% used [0x0000000080000000,0x00000000844eb690,0x0000000085700000)
 Metaspace       used 91984K, capacity 97218K, committed 97432K, reserved 1132544K
  class space    used 12652K, capacity 13699K, committed 13728K, reserved 1048576K
Event: 29.205 GC heap after
Heap after GC invocations=21 (full 4):
 PSYoungGen      total 337920K, used 3572K [0x00000000d5580000, 0x00000000eff00000, 0x0000000100000000)
  eden space 301568K, 0% used [0x00000000d5580000,0x00000000d5580000,0x00000000e7c00000)
  from space 36352K, 9% used [0x00000000e7c00000,0x00000000e7f7d130,0x00000000e9f80000)
  to   space 44544K, 0% used [0x00000000ed380000,0x00000000ed380000,0x00000000eff00000)
 ParOldGen       total 173056K, used 88833K [0x0000000080000000, 0x000000008a900000, 0x00000000d5580000)
  object space 173056K, 51% used [0x0000000080000000,0x00000000856c0450,0x000000008a900000)
 Metaspace       used 91448K, capacity 95956K, committed 97432K, reserved 1132544K
  class space    used 12459K, capacity 13354K, committed 13728K, reserved 1048576K
}
Event: 77.827 GC heap before
{Heap before GC invocations=22 (full 4):
 PSYoungGen      total 337920K, used 305140K [0x00000000d5580000, 0x00000000eff00000, 0x0000000100000000)
  eden space 301568K, 100% used [0x00000000d5580000,0x00000000e7c00000,0x00000000e7c00000)
  from space 36352K, 9% used [0x00000000e7c00000,0x00000000e7f7d130,0x00000000e9f80000)
  to   space 44544K, 0% used [0x00000000ed380000,0x00000000ed380000,0x00000000eff00000)
 ParOldGen       total 173056K, used 88833K [0x0000000080000000, 0x000000008a900000, 0x00000000d5580000)
  object space 173056K, 51% used [0x0000000080000000,0x00000000856c0450,0x000000008a900000)
 Metaspace       used 96179K, capacity 100898K, committed 101912K, reserved 1136640K
  class space    used 12844K, capacity 13761K, committed 14112K, reserved 1048576K
Event: 78.127 GC heap after
Heap after GC invocations=22 (full 4):
 PSYoungGen      total 385536K, used 32387K [0x00000000d5580000, 0x00000000f0080000, 0x0000000100000000)
  eden space 340992K, 0% used [0x00000000d5580000,0x00000000d5580000,0x00000000ea280000)
  from space 44544K, 72% used [0x00000000ed380000,0x00000000ef320d10,0x00000000eff00000)
  to   space 48128K, 0% used [0x00000000ea280000,0x00000000ea280000,0x00000000ed180000)
 ParOldGen       total 173056K, used 92425K [0x0000000080000000, 0x000000008a900000, 0x00000000d5580000)
  object space 173056K, 53% used [0x0000000080000000,0x0000000085a42470,0x000000008a900000)
 Metaspace       used 96179K, capacity 100898K, committed 101912K, reserved 1136640K
  class space    used 12844K, capacity 13761K, committed 14112K, reserved 1048576K
}
Event: 127.199 GC heap before
{Heap before GC invocations=23 (full 4):
 PSYoungGen      total 385536K, used 373379K [0x00000000d5580000, 0x00000000f0080000, 0x0000000100000000)
  eden space 340992K, 100% used [0x00000000d5580000,0x00000000ea280000,0x00000000ea280000)
  from space 44544K, 72% used [0x00000000ed380000,0x00000000ef320d10,0x00000000eff00000)
  to   space 48128K, 0% used [0x00000000ea280000,0x00000000ea280000,0x00000000ed180000)
 ParOldGen       total 173056K, used 92425K [0x0000000080000000, 0x000000008a900000, 0x00000000d5580000)
  object space 173056K, 53% used [0x0000000080000000,0x0000000085a42470,0x000000008a900000)
 Metaspace       used 101739K, capacity 106780K, committed 107160K, reserved 1142784K
  class space    used 13365K, capacity 14338K, committed 14496K, reserved 1048576K
Event: 128.059 GC heap after
Heap after GC invocations=23 (full 4):
 PSYoungGen      total 389120K, used 29545K [0x00000000d5580000, 0x00000000f0080000, 0x0000000100000000)
  eden space 340992K, 0% used [0x00000000d5580000,0x00000000d5580000,0x00000000ea280000)
  from space 48128K, 61% used [0x00000000ea280000,0x00000000ebf5a5c8,0x00000000ed180000)
  to   space 44544K, 0% used [0x00000000ed380000,0x00000000ed380000,0x00000000eff00000)
 ParOldGen       total 173056K, used 92433K [0x0000000080000000, 0x000000008a900000, 0x00000000d5580000)
  object space 173056K, 53% used [0x0000000080000000,0x0000000085a44470,0x000000008a900000)
 Metaspace       used 101739K, capacity 106780K, committed 107160K, reserved 1142784K
  class space    used 13365K, capacity 14338K, committed 14496K, reserved 1048576K
}

