# JRE version: OpenJDK Runtime Environment (8.0_242-b01) (build 1.8.0_242-release-1644-b01)
# Java VM: OpenJDK 64-Bit Server VM (25.242-b01 mixed mode windows-amd64 compressed oops)
Heap:
 PSYoungGen      total 453632K, used 84521K [0x00000000d5580000, 0x00000000f9080000, 0x0000000100000000)
  eden space 386048K, 7% used [0x00000000d5580000,0x00000000d72eec38,0x00000000ece80000)
  from space 67584K, 80% used [0x00000000ece80000,0x00000000f039ba38,0x00000000f1080000)
  to   space 74240K, 0% used [0x00000000f4800000,0x00000000f4800000,0x00000000f9080000)
 ParOldGen       total 229888K, used 124783K [0x0000000080000000, 0x000000008e080000, 0x00000000d5580000)
  object space 229888K, 54% used [0x0000000080000000,0x00000000879dbcb0,0x000000008e080000)
 Metaspace       used 120620K, capacity 127040K, committed 127128K, reserved 1159168K
  class space    used 15787K, capacity 17045K, committed 17056K, reserved 1048576K
GC Heap History (10 events):
Event: 89.926 GC heap before
{Heap before GC invocations=17 (full 3):
 PSYoungGen      total 303616K, used 303615K [0x00000000d5580000, 0x00000000efe80000, 0x0000000100000000)
  eden space 273920K, 100% used [0x00000000d5580000,0x00000000e6100000,0x00000000e6100000)
  from space 29696K, 99% used [0x00000000e6100000,0x00000000e7dffc18,0x00000000e7e00000)
  to   space 45568K, 0% used [0x00000000ed200000,0x00000000ed200000,0x00000000efe80000)
 ParOldGen       total 101888K, used 72064K [0x0000000080000000, 0x0000000086380000, 0x00000000d5580000)
  object space 101888K, 70% used [0x0000000080000000,0x0000000084660108,0x0000000086380000)
 Metaspace       used 91630K, capacity 96682K, committed 96792K, reserved 1132544K
  class space    used 12572K, capacity 13529K, committed 13600K, reserved 1048576K
Event: 90.042 GC heap after
Heap after GC invocations=17 (full 3):
 PSYoungGen      total 363008K, used 45567K [0x00000000d5580000, 0x00000000f3580000, 0x0000000100000000)
  eden space 317440K, 0% used [0x00000000d5580000,0x00000000d5580000,0x00000000e8b80000)
  from space 45568K, 99% used [0x00000000ed200000,0x00000000efe7fd98,0x00000000efe80000)
  to   space 72192K, 0% used [0x00000000e8b80000,0x00000000e8b80000,0x00000000ed200000)
 ParOldGen       total 122880K, used 122565K [0x0000000080000000, 0x0000000087800000, 0x00000000d5580000)
  object space 122880K, 99% used [0x0000000080000000,0x00000000877b1478,0x0000000087800000)
 Metaspace       used 91630K, capacity 96682K, committed 96792K, reserved 1132544K
  class space    used 12572K, capacity 13529K, committed 13600K, reserved 1048576K
}
Event: 90.042 GC heap before
{Heap before GC invocations=18 (full 4):
 PSYoungGen      total 363008K, used 45567K [0x00000000d5580000, 0x00000000f3580000, 0x0000000100000000)
  eden space 317440K, 0% used [0x00000000d5580000,0x00000000d5580000,0x00000000e8b80000)
  from space 45568K, 99% used [0x00000000ed200000,0x00000000efe7fd98,0x00000000efe80000)
  to   space 72192K, 0% used [0x00000000e8b80000,0x00000000e8b80000,0x00000000ed200000)
 ParOldGen       total 122880K, used 122565K [0x0000000080000000, 0x0000000087800000, 0x00000000d5580000)
  object space 122880K, 99% used [0x0000000080000000,0x00000000877b1478,0x0000000087800000)
 Metaspace       used 91630K, capacity 96682K, committed 96792K, reserved 1132544K
  class space    used 12572K, capacity 13529K, committed 13600K, reserved 1048576K
Event: 90.804 GC heap after
Heap after GC invocations=18 (full 4):
 PSYoungGen      total 363008K, used 2044K [0x00000000d5580000, 0x00000000f3580000, 0x0000000100000000)
  eden space 317440K, 0% used [0x00000000d5580000,0x00000000d5580000,0x00000000e8b80000)
  from space 45568K, 4% used [0x00000000ed200000,0x00000000ed3ff1e0,0x00000000efe80000)
  to   space 72192K, 0% used [0x00000000e8b80000,0x00000000e8b80000,0x00000000ed200000)
 ParOldGen       total 229888K, used 122703K [0x0000000080000000, 0x000000008e080000, 0x00000000d5580000)
  object space 229888K, 53% used [0x0000000080000000,0x00000000877d3cb0,0x000000008e080000)
 Metaspace       used 91122K, capacity 95428K, committed 96792K, reserved 1132544K
  class space    used 12391K, capacity 13208K, committed 13600K, reserved 1048576K
}
Event: 1325.601 GC heap before
{Heap before GC invocations=19 (full 4):
 PSYoungGen      total 363008K, used 319484K [0x00000000d5580000, 0x00000000f3580000, 0x0000000100000000)
  eden space 317440K, 100% used [0x00000000d5580000,0x00000000e8b80000,0x00000000e8b80000)
  from space 45568K, 4% used [0x00000000ed200000,0x00000000ed3ff1e0,0x00000000efe80000)
  to   space 72192K, 0% used [0x00000000e8b80000,0x00000000e8b80000,0x00000000ed200000)
 ParOldGen       total 229888K, used 122703K [0x0000000080000000, 0x000000008e080000, 0x00000000d5580000)
  object space 229888K, 53% used [0x0000000080000000,0x00000000877d3cb0,0x000000008e080000)
 Metaspace       used 105564K, capacity 110708K, committed 111128K, reserved 1144832K
  class space    used 14013K, capacity 14997K, committed 15136K, reserved 1048576K
Event: 1325.900 GC heap after
Heap after GC invocations=19 (full 4):
 PSYoungGen      total 389632K, used 27664K [0x00000000d5580000, 0x00000000f6100000, 0x0000000100000000)
  eden space 317440K, 0% used [0x00000000d5580000,0x00000000d5580000,0x00000000e8b80000)
  from space 72192K, 38% used [0x00000000e8b80000,0x00000000ea6841c0,0x00000000ed200000)
  to   space 68608K, 0% used [0x00000000f1e00000,0x00000000f1e00000,0x00000000f6100000)
 ParOldGen       total 229888K, used 124767K [0x0000000080000000, 0x000000008e080000, 0x00000000d5580000)
  object space 229888K, 54% used [0x0000000080000000,0x00000000879d7cb0,0x000000008e080000)
 Metaspace       used 105564K, capacity 110708K, committed 111128K, reserved 1144832K
  class space    used 14013K, capacity 14997K, committed 15136K, reserved 1048576K
}
Event: 4059.924 GC heap before
{Heap before GC invocations=20 (full 4):
 PSYoungGen      total 389632K, used 345104K [0x00000000d5580000, 0x00000000f6100000, 0x0000000100000000)
  eden space 317440K, 100% used [0x00000000d5580000,0x00000000e8b80000,0x00000000e8b80000)
  from space 72192K, 38% used [0x00000000e8b80000,0x00000000ea6841c0,0x00000000ed200000)
  to   space 68608K, 0% used [0x00000000f1e00000,0x00000000f1e00000,0x00000000f6100000)
 ParOldGen       total 229888K, used 124767K [0x0000000080000000, 0x000000008e080000, 0x00000000d5580000)
  object space 229888K, 54% used [0x0000000080000000,0x00000000879d7cb0,0x000000008e080000)
 Metaspace       used 116052K, capacity 122278K, committed 122520K, reserved 1155072K
  class space    used 15322K, capacity 16495K, committed 16544K, reserved 1048576K
Event: 4060.236 GC heap after
Heap after GC invocations=20 (full 4):
 PSYoungGen      total 439808K, used 34993K [0x00000000d5580000, 0x00000000f5280000, 0x0000000100000000)
  eden space 386048K, 0% used [0x00000000d5580000,0x00000000d5580000,0x00000000ece80000)
  from space 53760K, 65% used [0x00000000f1e00000,0x00000000f402c580,0x00000000f5280000)
  to   space 67584K, 0% used [0x00000000ece80000,0x00000000ece80000,0x00000000f1080000)
 ParOldGen       total 229888K, used 124775K [0x0000000080000000, 0x000000008e080000, 0x00000000d5580000)
  object space 229888K, 54% used [0x0000000080000000,0x00000000879d9cb0,0x000000008e080000)
 Metaspace       used 116052K, capacity 122278K, committed 122520K, reserved 1155072K
  class space    used 15322K, capacity 16495K, committed 16544K, reserved 1048576K
}
Event: 4211.511 GC heap before
{Heap before GC invocations=21 (full 4):
 PSYoungGen      total 439808K, used 421041K [0x00000000d5580000, 0x00000000f5280000, 0x0000000100000000)
  eden space 386048K, 100% used [0x00000000d5580000,0x00000000ece80000,0x00000000ece80000)
  from space 53760K, 65% used [0x00000000f1e00000,0x00000000f402c580,0x00000000f5280000)
  to   space 67584K, 0% used [0x00000000ece80000,0x00000000ece80000,0x00000000f1080000)
 ParOldGen       total 229888K, used 124775K [0x0000000080000000, 0x000000008e080000, 0x00000000d5580000)
  object space 229888K, 54% used [0x0000000080000000,0x00000000879d9cb0,0x000000008e080000)
 Metaspace       used 120618K, capacity 127040K, committed 127128K, reserved 1159168K
  class space    used 15787K, capacity 17045K, committed 17056K, reserved 1048576K
Event: 4212.682 GC heap after
Heap after GC invocations=21 (full 4):
 PSYoungGen      total 453632K, used 54382K [0x00000000d5580000, 0x00000000f9080000, 0x0000000100000000)
  eden space 386048K, 0% used [0x00000000d5580000,0x00000000d5580000,0x00000000ece80000)
  from space 67584K, 80% used [0x00000000ece80000,0x00000000f039ba38,0x00000000f1080000)
  to   space 74240K, 0% used [0x00000000f4800000,0x00000000f4800000,0x00000000f9080000)
 ParOldGen       total 229888K, used 124783K [0x0000000080000000, 0x000000008e080000, 0x00000000d5580000)
  object space 229888K, 54% used [0x0000000080000000,0x00000000879dbcb0,0x000000008e080000)
 Metaspace       used 120618K, capacity 127040K, committed 127128K, reserved 1159168K
  class space    used 15787K, capacity 17045K, committed 17056K, reserved 1048576K
}

