# JRE version: OpenJDK Runtime Environment (8.0_242-b01) (build 1.8.0_242-release-1644-b01)
# Java VM: OpenJDK 64-Bit Server VM (25.242-b01 mixed mode windows-amd64 compressed oops)
Heap:
 PSYoungGen      total 340992K, used 316889K [0x00000000d5580000, 0x00000000f1b80000, 0x0000000100000000)
  eden space 308736K, 92% used [0x00000000d5580000,0x00000000e6b77a68,0x00000000e8300000)
  from space 32256K, 99% used [0x00000000e8300000,0x00000000ea27ea10,0x00000000ea280000)
  to   space 49152K, 0% used [0x00000000eeb80000,0x00000000eeb80000,0x00000000f1b80000)
 ParOldGen       total 149504K, used 105808K [0x0000000080000000, 0x0000000089200000, 0x00000000d5580000)
  object space 149504K, 70% used [0x0000000080000000,0x00000000867541e0,0x0000000089200000)
 Metaspace       used 100990K, capacity 106414K, committed 106520K, reserved 1140736K
  class space    used 13443K, capacity 14545K, committed 14640K, reserved 1048576K
GC Heap History (10 events):
Event: 21.898 GC heap before
{Heap before GC invocations=17 (full 3):
 PSYoungGen      total 240128K, used 240112K [0x00000000d5580000, 0x00000000e8900000, 0x0000000100000000)
  eden space 219136K, 99% used [0x00000000d5580000,0x00000000e2b7fb28,0x00000000e2b80000)
  from space 20992K, 99% used [0x00000000e2b80000,0x00000000e3ffc8b8,0x00000000e4000000)
  to   space 25088K, 0% used [0x00000000e7080000,0x00000000e7080000,0x00000000e8900000)
 ParOldGen       total 89600K, used 39857K [0x0000000080000000, 0x0000000085780000, 0x00000000d5580000)
  object space 89600K, 44% used [0x0000000080000000,0x00000000826ec490,0x0000000085780000)
 Metaspace       used 74499K, capacity 77792K, committed 77976K, reserved 1116160K
  class space    used 9987K, capacity 10637K, committed 10672K, reserved 1048576K
Event: 21.979 GC heap after
Heap after GC invocations=17 (full 3):
 PSYoungGen      total 288768K, used 15904K [0x00000000d5580000, 0x00000000e8900000, 0x0000000100000000)
  eden space 263680K, 0% used [0x00000000d5580000,0x00000000d5580000,0x00000000e5700000)
  from space 25088K, 63% used [0x00000000e7080000,0x00000000e8008200,0x00000000e8900000)
  to   space 25600K, 0% used [0x00000000e5700000,0x00000000e5700000,0x00000000e7000000)
 ParOldGen       total 89600K, used 49340K [0x0000000080000000, 0x0000000085780000, 0x00000000d5580000)
  object space 89600K, 55% used [0x0000000080000000,0x000000008302f390,0x0000000085780000)
 Metaspace       used 74499K, capacity 77792K, committed 77976K, reserved 1116160K
  class space    used 9987K, capacity 10637K, committed 10672K, reserved 1048576K
}
Event: 111.535 GC heap before
{Heap before GC invocations=18 (full 3):
 PSYoungGen      total 288768K, used 279584K [0x00000000d5580000, 0x00000000e8900000, 0x0000000100000000)
  eden space 263680K, 100% used [0x00000000d5580000,0x00000000e5700000,0x00000000e5700000)
  from space 25088K, 63% used [0x00000000e7080000,0x00000000e8008200,0x00000000e8900000)
  to   space 25600K, 0% used [0x00000000e5700000,0x00000000e5700000,0x00000000e7000000)
 ParOldGen       total 89600K, used 49340K [0x0000000080000000, 0x0000000085780000, 0x00000000d5580000)
  object space 89600K, 55% used [0x0000000080000000,0x000000008302f390,0x0000000085780000)
 Metaspace       used 87230K, capacity 90970K, committed 91288K, reserved 1128448K
  class space    used 11435K, capacity 12145K, committed 12208K, reserved 1048576K
Event: 111.883 GC heap after
Heap after GC invocations=18 (full 3):
 PSYoungGen      total 289280K, used 25587K [0x00000000d5580000, 0x00000000ec080000, 0x0000000100000000)
  eden space 263680K, 0% used [0x00000000d5580000,0x00000000d5580000,0x00000000e5700000)
  from space 25600K, 99% used [0x00000000e5700000,0x00000000e6ffccc8,0x00000000e7000000)
  to   space 30720K, 0% used [0x00000000ea280000,0x00000000ea280000,0x00000000ec080000)
 ParOldGen       total 89600K, used 51387K [0x0000000080000000, 0x0000000085780000, 0x00000000d5580000)
  object space 89600K, 57% used [0x0000000080000000,0x000000008322ecc0,0x0000000085780000)
 Metaspace       used 87230K, capacity 90970K, committed 91288K, reserved 1128448K
  class space    used 11435K, capacity 12145K, committed 12208K, reserved 1048576K
}
Event: 115.398 GC heap before
{Heap before GC invocations=19 (full 3):
 PSYoungGen      total 289280K, used 198343K [0x00000000d5580000, 0x00000000ec080000, 0x0000000100000000)
  eden space 263680K, 65% used [0x00000000d5580000,0x00000000dfe350c8,0x00000000e5700000)
  from space 25600K, 99% used [0x00000000e5700000,0x00000000e6ffccc8,0x00000000e7000000)
  to   space 30720K, 0% used [0x00000000ea280000,0x00000000ea280000,0x00000000ec080000)
 ParOldGen       total 89600K, used 51387K [0x0000000080000000, 0x0000000085780000, 0x00000000d5580000)
  object space 89600K, 57% used [0x0000000080000000,0x000000008322ecc0,0x0000000085780000)
 Metaspace       used 93941K, capacity 98412K, committed 98584K, reserved 1134592K
  class space    used 12377K, capacity 13234K, committed 13360K, reserved 1048576K
Event: 115.500 GC heap after
Heap after GC invocations=19 (full 3):
 PSYoungGen      total 339456K, used 21549K [0x00000000d5580000, 0x00000000ece00000, 0x0000000100000000)
  eden space 308736K, 0% used [0x00000000d5580000,0x00000000d5580000,0x00000000e8300000)
  from space 30720K, 70% used [0x00000000ea280000,0x00000000eb78b750,0x00000000ec080000)
  to   space 32256K, 0% used [0x00000000e8300000,0x00000000e8300000,0x00000000ea280000)
 ParOldGen       total 89600K, used 71344K [0x0000000080000000, 0x0000000085780000, 0x00000000d5580000)
  object space 89600K, 79% used [0x0000000080000000,0x00000000845ac008,0x0000000085780000)
 Metaspace       used 93941K, capacity 98412K, committed 98584K, reserved 1134592K
  class space    used 12377K, capacity 13234K, committed 13360K, reserved 1048576K
}
Event: 115.500 GC heap before
{Heap before GC invocations=20 (full 4):
 PSYoungGen      total 339456K, used 21549K [0x00000000d5580000, 0x00000000ece00000, 0x0000000100000000)
  eden space 308736K, 0% used [0x00000000d5580000,0x00000000d5580000,0x00000000e8300000)
  from space 30720K, 70% used [0x00000000ea280000,0x00000000eb78b750,0x00000000ec080000)
  to   space 32256K, 0% used [0x00000000e8300000,0x00000000e8300000,0x00000000ea280000)
 ParOldGen       total 89600K, used 71344K [0x0000000080000000, 0x0000000085780000, 0x00000000d5580000)
  object space 89600K, 79% used [0x0000000080000000,0x00000000845ac008,0x0000000085780000)
 Metaspace       used 93941K, capacity 98412K, committed 98584K, reserved 1134592K
  class space    used 12377K, capacity 13234K, committed 13360K, reserved 1048576K
Event: 117.495 GC heap after
Heap after GC invocations=20 (full 4):
 PSYoungGen      total 339456K, used 0K [0x00000000d5580000, 0x00000000ece00000, 0x0000000100000000)
  eden space 308736K, 0% used [0x00000000d5580000,0x00000000d5580000,0x00000000e8300000)
  from space 30720K, 0% used [0x00000000ea280000,0x00000000ea280000,0x00000000ec080000)
  to   space 32256K, 0% used [0x00000000e8300000,0x00000000e8300000,0x00000000ea280000)
 ParOldGen       total 149504K, used 73682K [0x0000000080000000, 0x0000000089200000, 0x00000000d5580000)
  object space 149504K, 49% used [0x0000000080000000,0x00000000847f4aa0,0x0000000089200000)
 Metaspace       used 93716K, capacity 97782K, committed 98584K, reserved 1134592K
  class space    used 12301K, capacity 13101K, committed 13360K, reserved 1048576K
}
Event: 126.245 GC heap before
{Heap before GC invocations=21 (full 4):
 PSYoungGen      total 339456K, used 308736K [0x00000000d5580000, 0x00000000ece00000, 0x0000000100000000)
  eden space 308736K, 100% used [0x00000000d5580000,0x00000000e8300000,0x00000000e8300000)
  from space 30720K, 0% used [0x00000000ea280000,0x00000000ea280000,0x00000000ec080000)
  to   space 32256K, 0% used [0x00000000e8300000,0x00000000e8300000,0x00000000ea280000)
 ParOldGen       total 149504K, used 73682K [0x0000000080000000, 0x0000000089200000, 0x00000000d5580000)
  object space 149504K, 49% used [0x0000000080000000,0x00000000847f4aa0,0x0000000089200000)
 Metaspace       used 99698K, capacity 105040K, committed 105240K, reserved 1140736K
  class space    used 13294K, capacity 14368K, committed 14384K, reserved 1048576K
Event: 126.718 GC heap after
Heap after GC invocations=21 (full 4):
 PSYoungGen      total 340992K, used 32250K [0x00000000d5580000, 0x00000000f1b80000, 0x0000000100000000)
  eden space 308736K, 0% used [0x00000000d5580000,0x00000000d5580000,0x00000000e8300000)
  from space 32256K, 99% used [0x00000000e8300000,0x00000000ea27ea10,0x00000000ea280000)
  to   space 49152K, 0% used [0x00000000eeb80000,0x00000000eeb80000,0x00000000f1b80000)
 ParOldGen       total 149504K, used 105808K [0x0000000080000000, 0x0000000089200000, 0x00000000d5580000)
  object space 149504K, 70% used [0x0000000080000000,0x00000000867541e0,0x0000000089200000)
 Metaspace       used 99698K, capacity 105040K, committed 105240K, reserved 1140736K
  class space    used 13294K, capacity 14368K, committed 14384K, reserved 1048576K
}

