# JRE version: OpenJDK Runtime Environment (8.0_242-b01) (build 1.8.0_242-release-1644-b01)
# Java VM: OpenJDK 64-Bit Server VM (25.242-b01 mixed mode windows-amd64 compressed oops)
Heap:
 PSYoungGen      total 283648K, used 35314K [0x00000000d5580000, 0x00000000ed380000, 0x0000000100000000)
  eden space 248320K, 0% used [0x00000000d5580000,0x00000000d5580000,0x00000000e4800000)
  from space 35328K, 99% used [0x00000000e4800000,0x00000000e6a7ca00,0x00000000e6a80000)
  to   space 58880K, 0% used [0x00000000e9a00000,0x00000000e9a00000,0x00000000ed380000)
 ParOldGen       total 115200K, used 114713K [0x0000000080000000, 0x0000000087080000, 0x00000000d5580000)
  object space 115200K, 99% used [0x0000000080000000,0x0000000087006650,0x0000000087080000)
 Metaspace       used 91108K, capacity 96168K, committed 96408K, reserved 1132544K
  class space    used 12230K, capacity 13176K, committed 13232K, reserved 1048576K
GC Heap History (10 events):
Event: 19.251 GC heap after
Heap after GC invocations=16 (full 3):
 PSYoungGen      total 230912K, used 18984K [0x00000000d5580000, 0x00000000e6d80000, 0x0000000100000000)
  eden space 209920K, 0% used [0x00000000d5580000,0x00000000d5580000,0x00000000e2280000)
  from space 20992K, 90% used [0x00000000e2280000,0x00000000e350a200,0x00000000e3700000)
  to   space 23552K, 0% used [0x00000000e5680000,0x00000000e5680000,0x00000000e6d80000)
 ParOldGen       total 97280K, used 39194K [0x0000000080000000, 0x0000000085f00000, 0x00000000d5580000)
  object space 97280K, 40% used [0x0000000080000000,0x0000000082646ac8,0x0000000085f00000)
 Metaspace       used 66347K, capacity 69294K, committed 69400K, reserved 1110016K
  class space    used 9100K, capacity 9674K, committed 9776K, reserved 1048576K
}
Event: 93.181 GC heap before
{Heap before GC invocations=17 (full 3):
 PSYoungGen      total 230912K, used 228904K [0x00000000d5580000, 0x00000000e6d80000, 0x0000000100000000)
  eden space 209920K, 100% used [0x00000000d5580000,0x00000000e2280000,0x00000000e2280000)
  from space 20992K, 90% used [0x00000000e2280000,0x00000000e350a200,0x00000000e3700000)
  to   space 23552K, 0% used [0x00000000e5680000,0x00000000e5680000,0x00000000e6d80000)
 ParOldGen       total 97280K, used 39194K [0x0000000080000000, 0x0000000085f00000, 0x00000000d5580000)
  object space 97280K, 40% used [0x0000000080000000,0x0000000082646ac8,0x0000000085f00000)
 Metaspace       used 77107K, capacity 80514K, committed 80536K, reserved 1118208K
  class space    used 10278K, capacity 10911K, committed 10928K, reserved 1048576K
Event: 93.313 GC heap after
Heap after GC invocations=17 (full 3):
 PSYoungGen      total 257024K, used 23542K [0x00000000d5580000, 0x00000000e7400000, 0x0000000100000000)
  eden space 233472K, 0% used [0x00000000d5580000,0x00000000d5580000,0x00000000e3980000)
  from space 23552K, 99% used [0x00000000e5680000,0x00000000e6d7dae0,0x00000000e6d80000)
  to   space 29696K, 0% used [0x00000000e3980000,0x00000000e3980000,0x00000000e5680000)
 ParOldGen       total 97280K, used 44990K [0x0000000080000000, 0x0000000085f00000, 0x00000000d5580000)
  object space 97280K, 46% used [0x0000000080000000,0x0000000082bef898,0x0000000085f00000)
 Metaspace       used 77107K, capacity 80514K, committed 80536K, reserved 1118208K
  class space    used 10278K, capacity 10911K, committed 10928K, reserved 1048576K
}
Event: 381.433 GC heap before
{Heap before GC invocations=18 (full 3):
 PSYoungGen      total 257024K, used 257014K [0x00000000d5580000, 0x00000000e7400000, 0x0000000100000000)
  eden space 233472K, 100% used [0x00000000d5580000,0x00000000e3980000,0x00000000e3980000)
  from space 23552K, 99% used [0x00000000e5680000,0x00000000e6d7dae0,0x00000000e6d80000)
  to   space 29696K, 0% used [0x00000000e3980000,0x00000000e3980000,0x00000000e5680000)
 ParOldGen       total 97280K, used 44990K [0x0000000080000000, 0x0000000085f00000, 0x00000000d5580000)
  object space 97280K, 46% used [0x0000000080000000,0x0000000082bef898,0x0000000085f00000)
 Metaspace       used 79487K, capacity 83090K, committed 83352K, reserved 1122304K
  class space    used 10457K, capacity 11113K, committed 11184K, reserved 1048576K
Event: 381.518 GC heap after
Heap after GC invocations=18 (full 3):
 PSYoungGen      total 263168K, used 6048K [0x00000000d5580000, 0x00000000e8680000, 0x0000000100000000)
  eden space 233472K, 0% used [0x00000000d5580000,0x00000000d5580000,0x00000000e3980000)
  from space 29696K, 20% used [0x00000000e3980000,0x00000000e3f68000,0x00000000e5680000)
  to   space 28672K, 0% used [0x00000000e6a80000,0x00000000e6a80000,0x00000000e8680000)
 ParOldGen       total 97280K, used 63037K [0x0000000080000000, 0x0000000085f00000, 0x00000000d5580000)
  object space 97280K, 64% used [0x0000000080000000,0x0000000083d8f538,0x0000000085f00000)
 Metaspace       used 79487K, capacity 83090K, committed 83352K, reserved 1122304K
  class space    used 10457K, capacity 11113K, committed 11184K, reserved 1048576K
}
Event: 388.940 GC heap before
{Heap before GC invocations=19 (full 3):
 PSYoungGen      total 263168K, used 239520K [0x00000000d5580000, 0x00000000e8680000, 0x0000000100000000)
  eden space 233472K, 100% used [0x00000000d5580000,0x00000000e3980000,0x00000000e3980000)
  from space 29696K, 20% used [0x00000000e3980000,0x00000000e3f68000,0x00000000e5680000)
  to   space 28672K, 0% used [0x00000000e6a80000,0x00000000e6a80000,0x00000000e8680000)
 ParOldGen       total 97280K, used 63037K [0x0000000080000000, 0x0000000085f00000, 0x00000000d5580000)
  object space 97280K, 64% used [0x0000000080000000,0x0000000083d8f538,0x0000000085f00000)
 Metaspace       used 81654K, capacity 85548K, committed 85784K, reserved 1124352K
  class space    used 10750K, capacity 11476K, committed 11568K, reserved 1048576K
Event: 389.065 GC heap after
Heap after GC invocations=19 (full 3):
 PSYoungGen      total 276992K, used 28657K [0x00000000d5580000, 0x00000000e9680000, 0x0000000100000000)
  eden space 248320K, 0% used [0x00000000d5580000,0x00000000d5580000,0x00000000e4800000)
  from space 28672K, 99% used [0x00000000e6a80000,0x00000000e867c780,0x00000000e8680000)
  to   space 35328K, 0% used [0x00000000e4800000,0x00000000e4800000,0x00000000e6a80000)
 ParOldGen       total 97280K, used 68266K [0x0000000080000000, 0x0000000085f00000, 0x00000000d5580000)
  object space 97280K, 70% used [0x0000000080000000,0x00000000842aa908,0x0000000085f00000)
 Metaspace       used 81654K, capacity 85548K, committed 85784K, reserved 1124352K
  class space    used 10750K, capacity 11476K, committed 11568K, reserved 1048576K
}
Event: 392.918 GC heap before
{Heap before GC invocations=20 (full 3):
 PSYoungGen      total 276992K, used 276977K [0x00000000d5580000, 0x00000000e9680000, 0x0000000100000000)
  eden space 248320K, 100% used [0x00000000d5580000,0x00000000e4800000,0x00000000e4800000)
  from space 28672K, 99% used [0x00000000e6a80000,0x00000000e867c780,0x00000000e8680000)
  to   space 35328K, 0% used [0x00000000e4800000,0x00000000e4800000,0x00000000e6a80000)
 ParOldGen       total 97280K, used 68266K [0x0000000080000000, 0x0000000085f00000, 0x00000000d5580000)
  object space 97280K, 70% used [0x0000000080000000,0x00000000842aa908,0x0000000085f00000)
 Metaspace       used 91108K, capacity 96168K, committed 96408K, reserved 1132544K
  class space    used 12230K, capacity 13176K, committed 13232K, reserved 1048576K
Event: 393.075 GC heap after
Heap after GC invocations=20 (full 3):
 PSYoungGen      total 283648K, used 35314K [0x00000000d5580000, 0x00000000ed380000, 0x0000000100000000)
  eden space 248320K, 0% used [0x00000000d5580000,0x00000000d5580000,0x00000000e4800000)
  from space 35328K, 99% used [0x00000000e4800000,0x00000000e6a7ca00,0x00000000e6a80000)
  to   space 58880K, 0% used [0x00000000e9a00000,0x00000000e9a00000,0x00000000ed380000)
 ParOldGen       total 115200K, used 114713K [0x0000000080000000, 0x0000000087080000, 0x00000000d5580000)
  object space 115200K, 99% used [0x0000000080000000,0x0000000087006650,0x0000000087080000)
 Metaspace       used 91108K, capacity 96168K, committed 96408K, reserved 1132544K
  class space    used 12230K, capacity 13176K, committed 13232K, reserved 1048576K
}
Event: 393.075 GC heap before
{Heap before GC invocations=21 (full 4):
 PSYoungGen      total 283648K, used 35314K [0x00000000d5580000, 0x00000000ed380000, 0x0000000100000000)
  eden space 248320K, 0% used [0x00000000d5580000,0x00000000d5580000,0x00000000e4800000)
  from space 35328K, 99% used [0x00000000e4800000,0x00000000e6a7ca00,0x00000000e6a80000)
  to   space 58880K, 0% used [0x00000000e9a00000,0x00000000e9a00000,0x00000000ed380000)
 ParOldGen       total 115200K, used 114713K [0x0000000080000000, 0x0000000087080000, 0x00000000d5580000)
  object space 115200K, 99% used [0x0000000080000000,0x0000000087006650,0x0000000087080000)
 Metaspace       used 91108K, capacity 96168K, committed 96408K, reserved 1132544K
  class space    used 12230K, capacity 13176K, committed 13232K, reserved 1048576K

