# JRE version: OpenJDK Runtime Environment (8.0_242-b01) (build 1.8.0_242-release-1644-b01)
# Java VM: OpenJDK 64-Bit Server VM (25.242-b01 mixed mode windows-amd64 compressed oops)
Heap:
 PSYoungGen      total 309760K, used 220675K [0x00000000d5580000, 0x00000000eec00000, 0x0000000100000000)
  eden space 269312K, 71% used [0x00000000d5580000,0x00000000e1223608,0x00000000e5c80000)
  from space 40448K, 68% used [0x00000000e9580000,0x00000000eb05d958,0x00000000ebd00000)
  to   space 58368K, 0% used [0x00000000e5c80000,0x00000000e5c80000,0x00000000e9580000)
 ParOldGen       total 177152K, used 89534K [0x0000000080000000, 0x000000008ad00000, 0x00000000d5580000)
  object space 177152K, 50% used [0x0000000080000000,0x000000008576f8d8,0x000000008ad00000)
 Metaspace       used 96264K, capacity 100862K, committed 102296K, reserved 1136640K
  class space    used 12867K, capacity 13779K, committed 14256K, reserved 1048576K
GC Heap History (10 events):
Event: 11.532 GC heap before
{Heap before GC invocations=16 (full 3):
 PSYoungGen      total 226816K, used 212480K [0x00000000d5580000, 0x00000000e5280000, 0x0000000100000000)
  eden space 212480K, 100% used [0x00000000d5580000,0x00000000e2500000,0x00000000e2500000)
  from space 14336K, 0% used [0x00000000e3980000,0x00000000e3980000,0x00000000e4780000)
  to   space 20992K, 0% used [0x00000000e2500000,0x00000000e2500000,0x00000000e3980000)
 ParOldGen       total 92672K, used 38947K [0x0000000080000000, 0x0000000085a80000, 0x00000000d5580000)
  object space 92672K, 42% used [0x0000000080000000,0x0000000082608cf8,0x0000000085a80000)
 Metaspace       used 67147K, capacity 70216K, committed 70296K, reserved 1110016K
  class space    used 9215K, capacity 9855K, committed 9904K, reserved 1048576K
Event: 11.564 GC heap after
Heap after GC invocations=16 (full 3):
 PSYoungGen      total 233472K, used 17505K [0x00000000d5580000, 0x00000000e7a00000, 0x0000000100000000)
  eden space 212480K, 0% used [0x00000000d5580000,0x00000000d5580000,0x00000000e2500000)
  from space 20992K, 83% used [0x00000000e2500000,0x00000000e36187d8,0x00000000e3980000)
  to   space 23040K, 0% used [0x00000000e6380000,0x00000000e6380000,0x00000000e7a00000)
 ParOldGen       total 92672K, used 38955K [0x0000000080000000, 0x0000000085a80000, 0x00000000d5580000)
  object space 92672K, 42% used [0x0000000080000000,0x000000008260acf8,0x0000000085a80000)
 Metaspace       used 67147K, capacity 70216K, committed 70296K, reserved 1110016K
  class space    used 9215K, capacity 9855K, committed 9904K, reserved 1048576K
}
Event: 14.781 GC heap before
{Heap before GC invocations=17 (full 3):
 PSYoungGen      total 233472K, used 229985K [0x00000000d5580000, 0x00000000e7a00000, 0x0000000100000000)
  eden space 212480K, 100% used [0x00000000d5580000,0x00000000e2500000,0x00000000e2500000)
  from space 20992K, 83% used [0x00000000e2500000,0x00000000e36187d8,0x00000000e3980000)
  to   space 23040K, 0% used [0x00000000e6380000,0x00000000e6380000,0x00000000e7a00000)
 ParOldGen       total 92672K, used 38955K [0x0000000080000000, 0x0000000085a80000, 0x00000000d5580000)
  object space 92672K, 42% used [0x0000000080000000,0x000000008260acf8,0x0000000085a80000)
 Metaspace       used 73352K, capacity 76600K, committed 76952K, reserved 1116160K
  class space    used 9947K, capacity 10563K, committed 10672K, reserved 1048576K
Event: 14.805 GC heap after
Heap after GC invocations=17 (full 3):
 PSYoungGen      total 271872K, used 23018K [0x00000000d5580000, 0x00000000e7f80000, 0x0000000100000000)
  eden space 248832K, 0% used [0x00000000d5580000,0x00000000d5580000,0x00000000e4880000)
  from space 23040K, 99% used [0x00000000e6380000,0x00000000e79fa8b8,0x00000000e7a00000)
  to   space 27648K, 0% used [0x00000000e4880000,0x00000000e4880000,0x00000000e6380000)
 ParOldGen       total 92672K, used 41478K [0x0000000080000000, 0x0000000085a80000, 0x00000000d5580000)
  object space 92672K, 44% used [0x0000000080000000,0x0000000082881a08,0x0000000085a80000)
 Metaspace       used 73352K, capacity 76600K, committed 76952K, reserved 1116160K
  class space    used 9947K, capacity 10563K, committed 10672K, reserved 1048576K
}
Event: 23.989 GC heap before
{Heap before GC invocations=18 (full 3):
 PSYoungGen      total 271872K, used 271850K [0x00000000d5580000, 0x00000000e7f80000, 0x0000000100000000)
  eden space 248832K, 100% used [0x00000000d5580000,0x00000000e4880000,0x00000000e4880000)
  from space 23040K, 99% used [0x00000000e6380000,0x00000000e79fa8b8,0x00000000e7a00000)
  to   space 27648K, 0% used [0x00000000e4880000,0x00000000e4880000,0x00000000e6380000)
 ParOldGen       total 92672K, used 41478K [0x0000000080000000, 0x0000000085a80000, 0x00000000d5580000)
  object space 92672K, 44% used [0x0000000080000000,0x0000000082881a08,0x0000000085a80000)
 Metaspace       used 81838K, capacity 85470K, committed 85528K, reserved 1122304K
  class space    used 11096K, capacity 11797K, committed 11824K, reserved 1048576K
Event: 24.035 GC heap after
Heap after GC invocations=18 (full 3):
 PSYoungGen      total 276480K, used 27642K [0x00000000d5580000, 0x00000000ebd00000, 0x0000000100000000)
  eden space 248832K, 0% used [0x00000000d5580000,0x00000000d5580000,0x00000000e4880000)
  from space 27648K, 99% used [0x00000000e4880000,0x00000000e637ea40,0x00000000e6380000)
  to   space 40448K, 0% used [0x00000000e9580000,0x00000000e9580000,0x00000000ebd00000)
 ParOldGen       total 92672K, used 64036K [0x0000000080000000, 0x0000000085a80000, 0x00000000d5580000)
  object space 92672K, 69% used [0x0000000080000000,0x0000000083e891a8,0x0000000085a80000)
 Metaspace       used 81838K, capacity 85470K, committed 85528K, reserved 1122304K
  class space    used 11096K, capacity 11797K, committed 11824K, reserved 1048576K
}
Event: 27.346 GC heap before
{Heap before GC invocations=19 (full 3):
 PSYoungGen      total 276480K, used 276335K [0x00000000d5580000, 0x00000000ebd00000, 0x0000000100000000)
  eden space 248832K, 99% used [0x00000000d5580000,0x00000000e485d3c8,0x00000000e4880000)
  from space 27648K, 99% used [0x00000000e4880000,0x00000000e637ea40,0x00000000e6380000)
  to   space 40448K, 0% used [0x00000000e9580000,0x00000000e9580000,0x00000000ebd00000)
 ParOldGen       total 92672K, used 64036K [0x0000000080000000, 0x0000000085a80000, 0x00000000d5580000)
  object space 92672K, 69% used [0x0000000080000000,0x0000000083e891a8,0x0000000085a80000)
 Metaspace       used 92112K, capacity 97428K, committed 97688K, reserved 1132544K
  class space    used 12690K, capacity 13716K, committed 13744K, reserved 1048576K
Event: 27.458 GC heap after
Heap after GC invocations=19 (full 3):
 PSYoungGen      total 309760K, used 40419K [0x00000000d5580000, 0x00000000eec00000, 0x0000000100000000)
  eden space 269312K, 0% used [0x00000000d5580000,0x00000000d5580000,0x00000000e5c80000)
  from space 40448K, 99% used [0x00000000e9580000,0x00000000ebcf8d78,0x00000000ebd00000)
  to   space 58368K, 0% used [0x00000000e5c80000,0x00000000e5c80000,0x00000000e9580000)
 ParOldGen       total 94208K, used 93884K [0x0000000080000000, 0x0000000085c00000, 0x00000000d5580000)
  object space 94208K, 99% used [0x0000000080000000,0x0000000085baf0d8,0x0000000085c00000)
 Metaspace       used 92112K, capacity 97428K, committed 97688K, reserved 1132544K
  class space    used 12690K, capacity 13716K, committed 13744K, reserved 1048576K
}
Event: 27.458 GC heap before
{Heap before GC invocations=20 (full 4):
 PSYoungGen      total 309760K, used 40419K [0x00000000d5580000, 0x00000000eec00000, 0x0000000100000000)
  eden space 269312K, 0% used [0x00000000d5580000,0x00000000d5580000,0x00000000e5c80000)
  from space 40448K, 99% used [0x00000000e9580000,0x00000000ebcf8d78,0x00000000ebd00000)
  to   space 58368K, 0% used [0x00000000e5c80000,0x00000000e5c80000,0x00000000e9580000)
 ParOldGen       total 94208K, used 93884K [0x0000000080000000, 0x0000000085c00000, 0x00000000d5580000)
  object space 94208K, 99% used [0x0000000080000000,0x0000000085baf0d8,0x0000000085c00000)
 Metaspace       used 92112K, capacity 97428K, committed 97688K, reserved 1132544K
  class space    used 12690K, capacity 13716K, committed 13744K, reserved 1048576K
Event: 28.237 GC heap after
Heap after GC invocations=20 (full 4):
 PSYoungGen      total 309760K, used 27510K [0x00000000d5580000, 0x00000000eec00000, 0x0000000100000000)
  eden space 269312K, 0% used [0x00000000d5580000,0x00000000d5580000,0x00000000e5c80000)
  from space 40448K, 68% used [0x00000000e9580000,0x00000000eb05d958,0x00000000ebd00000)
  to   space 58368K, 0% used [0x00000000e5c80000,0x00000000e5c80000,0x00000000e9580000)
 ParOldGen       total 177152K, used 89534K [0x0000000080000000, 0x000000008ad00000, 0x00000000d5580000)
  object space 177152K, 50% used [0x0000000080000000,0x000000008576f8d8,0x000000008ad00000)
 Metaspace       used 91425K, capacity 95844K, committed 97688K, reserved 1132544K
  class space    used 12443K, capacity 13274K, committed 13744K, reserved 1048576K
}

