# JRE version: OpenJDK Runtime Environment (8.0_242-b01) (build 1.8.0_242-release-1644-b01)
# Java VM: OpenJDK 64-Bit Server VM (25.242-b01 mixed mode windows-amd64 compressed oops)
Heap:
 PSYoungGen      total 312320K, used 125521K [0x00000000d5580000, 0x00000000edc00000, 0x0000000100000000)
  eden space 229376K, 49% used [0x00000000d5580000,0x00000000dc36c1d8,0x00000000e3580000)
  from space 82944K, 15% used [0x00000000e8680000,0x00000000e9328260,0x00000000ed780000)
  to   space 82944K, 0% used [0x00000000e3580000,0x00000000e3580000,0x00000000e8680000)
 ParOldGen       total 190464K, used 63958K [0x0000000080000000, 0x000000008ba00000, 0x00000000d5580000)
  object space 190464K, 33% used [0x0000000080000000,0x0000000083e75850,0x000000008ba00000)
 Metaspace       used 115839K, capacity 125128K, committed 125848K, reserved 1159168K
  class space    used 15285K, capacity 16850K, committed 17056K, reserved 1048576K
GC Heap History (10 events):
Event: 3447.444 GC heap before
{Heap before GC invocations=35 (full 4):
 PSYoungGen      total 317440K, used 304892K [0x00000000d5580000, 0x00000000eda80000, 0x0000000100000000)
  eden space 247808K, 100% used [0x00000000d5580000,0x00000000e4780000,0x00000000e4780000)
  from space 69632K, 81% used [0x00000000e9500000,0x00000000eccbf2d8,0x00000000ed900000)
  to   space 75264K, 0% used [0x00000000e4780000,0x00000000e4780000,0x00000000e9100000)
 ParOldGen       total 190464K, used 97997K [0x0000000080000000, 0x000000008ba00000, 0x00000000d5580000)
  object space 190464K, 51% used [0x0000000080000000,0x0000000085fb34a8,0x000000008ba00000)
 Metaspace       used 115626K, capacity 124808K, committed 124952K, reserved 1157120K
  class space    used 15286K, capacity 16850K, committed 16928K, reserved 1048576K
Event: 3447.533 GC heap after
Heap after GC invocations=35 (full 4):
 PSYoungGen      total 292864K, used 54037K [0x00000000d5580000, 0x00000000ed880000, 0x0000000100000000)
  eden space 238592K, 0% used [0x00000000d5580000,0x00000000d5580000,0x00000000e3e80000)
  from space 54272K, 99% used [0x00000000e4780000,0x00000000e7c45618,0x00000000e7c80000)
  to   space 78848K, 0% used [0x00000000e8b80000,0x00000000e8b80000,0x00000000ed880000)
 ParOldGen       total 190464K, used 97997K [0x0000000080000000, 0x000000008ba00000, 0x00000000d5580000)
  object space 190464K, 51% used [0x0000000080000000,0x0000000085fb34a8,0x000000008ba00000)
 Metaspace       used 115626K, capacity 124808K, committed 124952K, reserved 1157120K
  class space    used 15286K, capacity 16850K, committed 16928K, reserved 1048576K
}
Event: 3587.400 GC heap before
{Heap before GC invocations=36 (full 4):
 PSYoungGen      total 292864K, used 292629K [0x00000000d5580000, 0x00000000ed880000, 0x0000000100000000)
  eden space 238592K, 100% used [0x00000000d5580000,0x00000000e3e80000,0x00000000e3e80000)
  from space 54272K, 99% used [0x00000000e4780000,0x00000000e7c45618,0x00000000e7c80000)
  to   space 78848K, 0% used [0x00000000e8b80000,0x00000000e8b80000,0x00000000ed880000)
 ParOldGen       total 190464K, used 97997K [0x0000000080000000, 0x000000008ba00000, 0x00000000d5580000)
  object space 190464K, 51% used [0x0000000080000000,0x0000000085fb34a8,0x000000008ba00000)
 Metaspace       used 115823K, capacity 125122K, committed 125208K, reserved 1157120K
  class space    used 15308K, capacity 16889K, committed 16928K, reserved 1048576K
Event: 3587.697 GC heap after
Heap after GC invocations=36 (full 4):
 PSYoungGen      total 306176K, used 56879K [0x00000000d5580000, 0x00000000ed680000, 0x0000000100000000)
  eden space 229376K, 0% used [0x00000000d5580000,0x00000000d5580000,0x00000000e3580000)
  from space 76800K, 74% used [0x00000000e8b80000,0x00000000ec30bfa8,0x00000000ed680000)
  to   space 82432K, 0% used [0x00000000e3580000,0x00000000e3580000,0x00000000e8600000)
 ParOldGen       total 190464K, used 98005K [0x0000000080000000, 0x000000008ba00000, 0x00000000d5580000)
  object space 190464K, 51% used [0x0000000080000000,0x0000000085fb54a8,0x000000008ba00000)
 Metaspace       used 115823K, capacity 125122K, committed 125208K, reserved 1157120K
  class space    used 15308K, capacity 16889K, committed 16928K, reserved 1048576K
}
Event: 3655.046 GC heap before
{Heap before GC invocations=37 (full 4):
 PSYoungGen      total 306176K, used 117126K [0x00000000d5580000, 0x00000000ed680000, 0x0000000100000000)
  eden space 229376K, 26% used [0x00000000d5580000,0x00000000d9055aa0,0x00000000e3580000)
  from space 76800K, 74% used [0x00000000e8b80000,0x00000000ec30bfa8,0x00000000ed680000)
  to   space 82432K, 0% used [0x00000000e3580000,0x00000000e3580000,0x00000000e8600000)
 ParOldGen       total 190464K, used 98005K [0x0000000080000000, 0x000000008ba00000, 0x00000000d5580000)
  object space 190464K, 51% used [0x0000000080000000,0x0000000085fb54a8,0x000000008ba00000)
 Metaspace       used 115955K, capacity 125480K, committed 125848K, reserved 1159168K
  class space    used 15334K, capacity 16938K, committed 17056K, reserved 1048576K
Event: 3655.178 GC heap after
Heap after GC invocations=37 (full 4):
 PSYoungGen      total 311808K, used 51151K [0x00000000d5580000, 0x00000000ed780000, 0x0000000100000000)
  eden space 229376K, 0% used [0x00000000d5580000,0x00000000d5580000,0x00000000e3580000)
  from space 82432K, 62% used [0x00000000e3580000,0x00000000e6773f98,0x00000000e8600000)
  to   space 82944K, 0% used [0x00000000e8680000,0x00000000e8680000,0x00000000ed780000)
 ParOldGen       total 190464K, used 98005K [0x0000000080000000, 0x000000008ba00000, 0x00000000d5580000)
  object space 190464K, 51% used [0x0000000080000000,0x0000000085fb54a8,0x000000008ba00000)
 Metaspace       used 115955K, capacity 125480K, committed 125848K, reserved 1159168K
  class space    used 15334K, capacity 16938K, committed 17056K, reserved 1048576K
}
Event: 3655.178 GC heap before
{Heap before GC invocations=38 (full 5):
 PSYoungGen      total 311808K, used 51151K [0x00000000d5580000, 0x00000000ed780000, 0x0000000100000000)
  eden space 229376K, 0% used [0x00000000d5580000,0x00000000d5580000,0x00000000e3580000)
  from space 82432K, 62% used [0x00000000e3580000,0x00000000e6773f98,0x00000000e8600000)
  to   space 82944K, 0% used [0x00000000e8680000,0x00000000e8680000,0x00000000ed780000)
 ParOldGen       total 190464K, used 98005K [0x0000000080000000, 0x000000008ba00000, 0x00000000d5580000)
  object space 190464K, 51% used [0x0000000080000000,0x0000000085fb54a8,0x000000008ba00000)
 Metaspace       used 115955K, capacity 125480K, committed 125848K, reserved 1159168K
  class space    used 15334K, capacity 16938K, committed 17056K, reserved 1048576K
Event: 3655.844 GC heap after
Heap after GC invocations=38 (full 5):
 PSYoungGen      total 311808K, used 0K [0x00000000d5580000, 0x00000000ed780000, 0x0000000100000000)
  eden space 229376K, 0% used [0x00000000d5580000,0x00000000d5580000,0x00000000e3580000)
  from space 82432K, 0% used [0x00000000e3580000,0x00000000e3580000,0x00000000e8600000)
  to   space 82944K, 0% used [0x00000000e8680000,0x00000000e8680000,0x00000000ed780000)
 ParOldGen       total 190464K, used 63950K [0x0000000080000000, 0x000000008ba00000, 0x00000000d5580000)
  object space 190464K, 33% used [0x0000000080000000,0x0000000083e73850,0x000000008ba00000)
 Metaspace       used 115669K, capacity 124976K, committed 125848K, reserved 1159168K
  class space    used 15281K, capacity 16846K, committed 17056K, reserved 1048576K
}
Event: 3702.168 GC heap before
{Heap before GC invocations=39 (full 5):
 PSYoungGen      total 311808K, used 229376K [0x00000000d5580000, 0x00000000ed780000, 0x0000000100000000)
  eden space 229376K, 100% used [0x00000000d5580000,0x00000000e3580000,0x00000000e3580000)
  from space 82432K, 0% used [0x00000000e3580000,0x00000000e3580000,0x00000000e8600000)
  to   space 82944K, 0% used [0x00000000e8680000,0x00000000e8680000,0x00000000ed780000)
 ParOldGen       total 190464K, used 63950K [0x0000000080000000, 0x000000008ba00000, 0x00000000d5580000)
  object space 190464K, 33% used [0x0000000080000000,0x0000000083e73850,0x000000008ba00000)
 Metaspace       used 115799K, capacity 125064K, committed 125848K, reserved 1159168K
  class space    used 15285K, capacity 16850K, committed 17056K, reserved 1048576K
Event: 3702.429 GC heap after
Heap after GC invocations=39 (full 5):
 PSYoungGen      total 312320K, used 12960K [0x00000000d5580000, 0x00000000edc00000, 0x0000000100000000)
  eden space 229376K, 0% used [0x00000000d5580000,0x00000000d5580000,0x00000000e3580000)
  from space 82944K, 15% used [0x00000000e8680000,0x00000000e9328260,0x00000000ed780000)
  to   space 82944K, 0% used [0x00000000e3580000,0x00000000e3580000,0x00000000e8680000)
 ParOldGen       total 190464K, used 63958K [0x0000000080000000, 0x000000008ba00000, 0x00000000d5580000)
  object space 190464K, 33% used [0x0000000080000000,0x0000000083e75850,0x000000008ba00000)
 Metaspace       used 115799K, capacity 125064K, committed 125848K, reserved 1159168K
  class space    used 15285K, capacity 16850K, committed 17056K, reserved 1048576K
}

