# JRE version: OpenJDK Runtime Environment (8.0_242-b01) (build 1.8.0_242-release-1644-b01)
# Java VM: OpenJDK 64-Bit Server VM (25.242-b01 mixed mode windows-amd64 compressed oops)
Heap:
 PSYoungGen      total 291328K, used 192244K [0x00000000d5580000, 0x00000000e8f80000, 0x0000000100000000)
  eden space 267264K, 64% used [0x00000000d5580000,0x00000000dfd42328,0x00000000e5a80000)
  from space 24064K, 85% used [0x00000000e7480000,0x00000000e887b080,0x00000000e8c00000)
  to   space 26624K, 0% used [0x00000000e5a80000,0x00000000e5a80000,0x00000000e7480000)
 ParOldGen       total 99328K, used 37749K [0x0000000080000000, 0x0000000086100000, 0x00000000d5580000)
  object space 99328K, 38% used [0x0000000080000000,0x00000000824dd7d0,0x0000000086100000)
 Metaspace       used 78755K, capacity 82216K, committed 82456K, reserved 1120256K
  class space    used 10303K, capacity 10963K, committed 11056K, reserved 1048576K
GC Heap History (10 events):
Event: 6.437 GC heap before
{Heap before GC invocations=11 (full 2):
 PSYoungGen      total 206336K, used 192512K [0x00000000d5580000, 0x00000000e3580000, 0x0000000100000000)
  eden space 192512K, 100% used [0x00000000d5580000,0x00000000e1180000,0x00000000e1180000)
  from space 13824K, 0% used [0x00000000e1f00000,0x00000000e1f00000,0x00000000e2c80000)
  to   space 13824K, 0% used [0x00000000e1180000,0x00000000e1180000,0x00000000e1f00000)
 ParOldGen       total 59392K, used 15320K [0x0000000080000000, 0x0000000083a00000, 0x00000000d5580000)
  object space 59392K, 25% used [0x0000000080000000,0x0000000080ef6250,0x0000000083a00000)
 Metaspace       used 43720K, capacity 45566K, committed 45736K, reserved 1089536K
  class space    used 5910K, capacity 6315K, committed 6320K, reserved 1048576K
Event: 6.449 GC heap after
Heap after GC invocations=11 (full 2):
 PSYoungGen      total 206336K, used 12926K [0x00000000d5580000, 0x00000000e5c80000, 0x0000000100000000)
  eden space 192512K, 0% used [0x00000000d5580000,0x00000000d5580000,0x00000000e1180000)
  from space 13824K, 93% used [0x00000000e1180000,0x00000000e1e1fb08,0x00000000e1f00000)
  to   space 15872K, 0% used [0x00000000e4d00000,0x00000000e4d00000,0x00000000e5c80000)
 ParOldGen       total 59392K, used 15328K [0x0000000080000000, 0x0000000083a00000, 0x00000000d5580000)
  object space 59392K, 25% used [0x0000000080000000,0x0000000080ef8250,0x0000000083a00000)
 Metaspace       used 43720K, capacity 45566K, committed 45736K, reserved 1089536K
  class space    used 5910K, capacity 6315K, committed 6320K, reserved 1048576K
}
Event: 8.507 GC heap before
{Heap before GC invocations=12 (full 2):
 PSYoungGen      total 206336K, used 176861K [0x00000000d5580000, 0x00000000e5c80000, 0x0000000100000000)
  eden space 192512K, 85% used [0x00000000d5580000,0x00000000df597c80,0x00000000e1180000)
  from space 13824K, 93% used [0x00000000e1180000,0x00000000e1e1fb08,0x00000000e1f00000)
  to   space 15872K, 0% used [0x00000000e4d00000,0x00000000e4d00000,0x00000000e5c80000)
 ParOldGen       total 59392K, used 15328K [0x0000000080000000, 0x0000000083a00000, 0x00000000d5580000)
  object space 59392K, 25% used [0x0000000080000000,0x0000000080ef8250,0x0000000083a00000)
 Metaspace       used 56789K, capacity 59014K, committed 59160K, reserved 1099776K
  class space    used 7693K, capacity 8150K, committed 8240K, reserved 1048576K
Event: 8.534 GC heap after
Heap after GC invocations=12 (full 2):
 PSYoungGen      total 247808K, used 15868K [0x00000000d5580000, 0x00000000e6680000, 0x0000000100000000)
  eden space 231936K, 0% used [0x00000000d5580000,0x00000000d5580000,0x00000000e3800000)
  from space 15872K, 99% used [0x00000000e4d00000,0x00000000e5c7f320,0x00000000e5c80000)
  to   space 21504K, 0% used [0x00000000e3800000,0x00000000e3800000,0x00000000e4d00000)
 ParOldGen       total 59392K, used 24852K [0x0000000080000000, 0x0000000083a00000, 0x00000000d5580000)
  object space 59392K, 41% used [0x0000000080000000,0x00000000818451c0,0x0000000083a00000)
 Metaspace       used 56789K, capacity 59014K, committed 59160K, reserved 1099776K
  class space    used 7693K, capacity 8150K, committed 8240K, reserved 1048576K
}
Event: 8.534 GC heap before
{Heap before GC invocations=13 (full 3):
 PSYoungGen      total 247808K, used 15868K [0x00000000d5580000, 0x00000000e6680000, 0x0000000100000000)
  eden space 231936K, 0% used [0x00000000d5580000,0x00000000d5580000,0x00000000e3800000)
  from space 15872K, 99% used [0x00000000e4d00000,0x00000000e5c7f320,0x00000000e5c80000)
  to   space 21504K, 0% used [0x00000000e3800000,0x00000000e3800000,0x00000000e4d00000)
 ParOldGen       total 59392K, used 24852K [0x0000000080000000, 0x0000000083a00000, 0x00000000d5580000)
  object space 59392K, 41% used [0x0000000080000000,0x00000000818451c0,0x0000000083a00000)
 Metaspace       used 56789K, capacity 59014K, committed 59160K, reserved 1099776K
  class space    used 7693K, capacity 8150K, committed 8240K, reserved 1048576K
Event: 8.715 GC heap after
Heap after GC invocations=13 (full 3):
 PSYoungGen      total 247808K, used 0K [0x00000000d5580000, 0x00000000e6680000, 0x0000000100000000)
  eden space 231936K, 0% used [0x00000000d5580000,0x00000000d5580000,0x00000000e3800000)
  from space 15872K, 0% used [0x00000000e4d00000,0x00000000e4d00000,0x00000000e5c80000)
  to   space 21504K, 0% used [0x00000000e3800000,0x00000000e3800000,0x00000000e4d00000)
 ParOldGen       total 99328K, used 37733K [0x0000000080000000, 0x0000000086100000, 0x00000000d5580000)
  object space 99328K, 37% used [0x0000000080000000,0x00000000824d97d0,0x0000000086100000)
 Metaspace       used 56770K, capacity 58948K, committed 59160K, reserved 1099776K
  class space    used 7687K, capacity 8139K, committed 8240K, reserved 1048576K
}
Event: 22.566 GC heap before
{Heap before GC invocations=14 (full 3):
 PSYoungGen      total 247808K, used 231936K [0x00000000d5580000, 0x00000000e6680000, 0x0000000100000000)
  eden space 231936K, 100% used [0x00000000d5580000,0x00000000e3800000,0x00000000e3800000)
  from space 15872K, 0% used [0x00000000e4d00000,0x00000000e4d00000,0x00000000e5c80000)
  to   space 21504K, 0% used [0x00000000e3800000,0x00000000e3800000,0x00000000e4d00000)
 ParOldGen       total 99328K, used 37733K [0x0000000080000000, 0x0000000086100000, 0x00000000d5580000)
  object space 99328K, 37% used [0x0000000080000000,0x00000000824d97d0,0x0000000086100000)
 Metaspace       used 69104K, capacity 72142K, committed 72344K, reserved 1112064K
  class space    used 9299K, capacity 9902K, committed 9904K, reserved 1048576K
Event: 22.590 GC heap after
Heap after GC invocations=14 (full 3):
 PSYoungGen      total 253440K, used 19218K [0x00000000d5580000, 0x00000000e8c00000, 0x0000000100000000)
  eden space 231936K, 0% used [0x00000000d5580000,0x00000000d5580000,0x00000000e3800000)
  from space 21504K, 89% used [0x00000000e3800000,0x00000000e4ac4a58,0x00000000e4d00000)
  to   space 24064K, 0% used [0x00000000e7480000,0x00000000e7480000,0x00000000e8c00000)
 ParOldGen       total 99328K, used 37741K [0x0000000080000000, 0x0000000086100000, 0x00000000d5580000)
  object space 99328K, 37% used [0x0000000080000000,0x00000000824db7d0,0x0000000086100000)
 Metaspace       used 69104K, capacity 72142K, committed 72344K, reserved 1112064K
  class space    used 9299K, capacity 9902K, committed 9904K, reserved 1048576K
}
Event: 27.889 GC heap before
{Heap before GC invocations=15 (full 3):
 PSYoungGen      total 253440K, used 251154K [0x00000000d5580000, 0x00000000e8c00000, 0x0000000100000000)
  eden space 231936K, 100% used [0x00000000d5580000,0x00000000e3800000,0x00000000e3800000)
  from space 21504K, 89% used [0x00000000e3800000,0x00000000e4ac4a58,0x00000000e4d00000)
  to   space 24064K, 0% used [0x00000000e7480000,0x00000000e7480000,0x00000000e8c00000)
 ParOldGen       total 99328K, used 37741K [0x0000000080000000, 0x0000000086100000, 0x00000000d5580000)
  object space 99328K, 37% used [0x0000000080000000,0x00000000824db7d0,0x0000000086100000)
 Metaspace       used 76971K, capacity 80418K, committed 80792K, reserved 1120256K
  class space    used 10162K, capacity 10804K, committed 10928K, reserved 1048576K
Event: 27.933 GC heap after
Heap after GC invocations=15 (full 3):
 PSYoungGen      total 291328K, used 20460K [0x00000000d5580000, 0x00000000e8f80000, 0x0000000100000000)
  eden space 267264K, 0% used [0x00000000d5580000,0x00000000d5580000,0x00000000e5a80000)
  from space 24064K, 85% used [0x00000000e7480000,0x00000000e887b080,0x00000000e8c00000)
  to   space 26624K, 0% used [0x00000000e5a80000,0x00000000e5a80000,0x00000000e7480000)
 ParOldGen       total 99328K, used 37749K [0x0000000080000000, 0x0000000086100000, 0x00000000d5580000)
  object space 99328K, 38% used [0x0000000080000000,0x00000000824dd7d0,0x0000000086100000)
 Metaspace       used 76971K, capacity 80418K, committed 80792K, reserved 1120256K
  class space    used 10162K, capacity 10804K, committed 10928K, reserved 1048576K
}

