# JRE version: OpenJDK Runtime Environment (8.0_242-b01) (build 1.8.0_242-release-1644-b01)
# Java VM: OpenJDK 64-Bit Server VM (25.242-b01 mixed mode windows-amd64 compressed oops)
Heap:
 PSYoungGen      total 129536K, used 8683K [0x00000000d5580000, 0x00000000e1600000, 0x0000000100000000)
  eden space 120832K, 0% used [0x00000000d5580000,0x00000000d5580000,0x00000000dcb80000)
  from space 8704K, 99% used [0x00000000dd800000,0x00000000de07af08,0x00000000de080000)
  to   space 12800K, 0% used [0x00000000dcb80000,0x00000000dcb80000,0x00000000dd800000)
 ParOldGen       total 34816K, used 13930K [0x0000000080000000, 0x0000000082200000, 0x00000000d5580000)
  object space 34816K, 40% used [0x0000000080000000,0x0000000080d9a9f0,0x0000000082200000)
 Metaspace       used 34243K, capacity 35412K, committed 35496K, reserved 1079296K
  class space    used 4717K, capacity 5001K, committed 5040K, reserved 1048576K
GC Heap History (10 events):
Event: 3.403 GC heap after
Heap after GC invocations=7 (full 0):
 PSYoungGen      total 69120K, used 7140K [0x00000000d5580000, 0x00000000de180000, 0x0000000100000000)
  eden space 61952K, 0% used [0x00000000d5580000,0x00000000d5580000,0x00000000d9200000)
  from space 7168K, 99% used [0x00000000d9200000,0x00000000d98f9178,0x00000000d9900000)
  to   space 9728K, 0% used [0x00000000dd800000,0x00000000dd800000,0x00000000de180000)
 ParOldGen       total 42496K, used 7915K [0x0000000080000000, 0x0000000082980000, 0x00000000d5580000)
  object space 42496K, 18% used [0x0000000080000000,0x00000000807bad50,0x0000000082980000)
 Metaspace       used 19904K, capacity 20574K, committed 20736K, reserved 1067008K
  class space    used 2768K, capacity 2945K, committed 3072K, reserved 1048576K
}
Event: 3.506 GC heap before
{Heap before GC invocations=8 (full 0):
 PSYoungGen      total 69120K, used 18711K [0x00000000d5580000, 0x00000000de180000, 0x0000000100000000)
  eden space 61952K, 18% used [0x00000000d5580000,0x00000000d60ccb18,0x00000000d9200000)
  from space 7168K, 99% used [0x00000000d9200000,0x00000000d98f9178,0x00000000d9900000)
  to   space 9728K, 0% used [0x00000000dd800000,0x00000000dd800000,0x00000000de180000)
 ParOldGen       total 42496K, used 7915K [0x0000000080000000, 0x0000000082980000, 0x00000000d5580000)
  object space 42496K, 18% used [0x0000000080000000,0x00000000807bad50,0x0000000082980000)
 Metaspace       used 20591K, capacity 21224K, committed 21296K, reserved 1067008K
  class space    used 2877K, capacity 3076K, committed 3120K, reserved 1048576K
Event: 3.512 GC heap after
Heap after GC invocations=8 (full 0):
 PSYoungGen      total 132608K, used 4508K [0x00000000d5580000, 0x00000000de080000, 0x0000000100000000)
  eden space 123904K, 0% used [0x00000000d5580000,0x00000000d5580000,0x00000000dce80000)
  from space 8704K, 51% used [0x00000000dd800000,0x00000000ddc67050,0x00000000de080000)
  to   space 9216K, 0% used [0x00000000dce80000,0x00000000dce80000,0x00000000dd780000)
 ParOldGen       total 42496K, used 8523K [0x0000000080000000, 0x0000000082980000, 0x00000000d5580000)
  object space 42496K, 20% used [0x0000000080000000,0x0000000080852d50,0x0000000082980000)
 Metaspace       used 20591K, capacity 21224K, committed 21296K, reserved 1067008K
  class space    used 2877K, capacity 3076K, committed 3120K, reserved 1048576K
}
Event: 3.512 GC heap before
{Heap before GC invocations=9 (full 1):
 PSYoungGen      total 132608K, used 4508K [0x00000000d5580000, 0x00000000de080000, 0x0000000100000000)
  eden space 123904K, 0% used [0x00000000d5580000,0x00000000d5580000,0x00000000dce80000)
  from space 8704K, 51% used [0x00000000dd800000,0x00000000ddc67050,0x00000000de080000)
  to   space 9216K, 0% used [0x00000000dce80000,0x00000000dce80000,0x00000000dd780000)
 ParOldGen       total 42496K, used 8523K [0x0000000080000000, 0x0000000082980000, 0x00000000d5580000)
  object space 42496K, 20% used [0x0000000080000000,0x0000000080852d50,0x0000000082980000)
 Metaspace       used 20591K, capacity 21224K, committed 21296K, reserved 1067008K
  class space    used 2877K, capacity 3076K, committed 3120K, reserved 1048576K
Event: 3.563 GC heap after
Heap after GC invocations=9 (full 1):
 PSYoungGen      total 132608K, used 0K [0x00000000d5580000, 0x00000000de080000, 0x0000000100000000)
  eden space 123904K, 0% used [0x00000000d5580000,0x00000000d5580000,0x00000000dce80000)
  from space 8704K, 0% used [0x00000000dd800000,0x00000000dd800000,0x00000000de080000)
  to   space 9216K, 0% used [0x00000000dce80000,0x00000000dce80000,0x00000000dd780000)
 ParOldGen       total 34816K, used 9176K [0x0000000080000000, 0x0000000082200000, 0x00000000d5580000)
  object space 34816K, 26% used [0x0000000080000000,0x00000000808f6280,0x0000000082200000)
 Metaspace       used 20591K, capacity 21224K, committed 21296K, reserved 1067008K
  class space    used 2877K, capacity 3076K, committed 3120K, reserved 1048576K
}
Event: 4.953 GC heap before
{Heap before GC invocations=10 (full 1):
 PSYoungGen      total 132608K, used 123904K [0x00000000d5580000, 0x00000000de080000, 0x0000000100000000)
  eden space 123904K, 100% used [0x00000000d5580000,0x00000000dce80000,0x00000000dce80000)
  from space 8704K, 0% used [0x00000000dd800000,0x00000000dd800000,0x00000000de080000)
  to   space 9216K, 0% used [0x00000000dce80000,0x00000000dce80000,0x00000000dd780000)
 ParOldGen       total 34816K, used 9176K [0x0000000080000000, 0x0000000082200000, 0x00000000d5580000)
  object space 34816K, 26% used [0x0000000080000000,0x00000000808f6280,0x0000000082200000)
 Metaspace       used 32633K, capacity 33636K, committed 33712K, reserved 1079296K
  class space    used 4450K, capacity 4718K, committed 4784K, reserved 1048576K
Event: 4.968 GC heap after
Heap after GC invocations=10 (full 1):
 PSYoungGen      total 133120K, used 9192K [0x00000000d5580000, 0x00000000de080000, 0x0000000100000000)
  eden space 123904K, 0% used [0x00000000d5580000,0x00000000d5580000,0x00000000dce80000)
  from space 9216K, 99% used [0x00000000dce80000,0x00000000dd77a098,0x00000000dd780000)
  to   space 8704K, 0% used [0x00000000dd800000,0x00000000dd800000,0x00000000de080000)
 ParOldGen       total 34816K, used 13879K [0x0000000080000000, 0x0000000082200000, 0x00000000d5580000)
  object space 34816K, 39% used [0x0000000080000000,0x0000000080d8dc78,0x0000000082200000)
 Metaspace       used 32633K, capacity 33636K, committed 33712K, reserved 1079296K
  class space    used 4450K, capacity 4718K, committed 4784K, reserved 1048576K
}
Event: 5.369 GC heap before
{Heap before GC invocations=11 (full 1):
 PSYoungGen      total 133120K, used 53072K [0x00000000d5580000, 0x00000000de080000, 0x0000000100000000)
  eden space 123904K, 35% used [0x00000000d5580000,0x00000000d805a170,0x00000000dce80000)
  from space 9216K, 99% used [0x00000000dce80000,0x00000000dd77a098,0x00000000dd780000)
  to   space 8704K, 0% used [0x00000000dd800000,0x00000000dd800000,0x00000000de080000)
 ParOldGen       total 34816K, used 13879K [0x0000000080000000, 0x0000000082200000, 0x00000000d5580000)
  object space 34816K, 39% used [0x0000000080000000,0x0000000080d8dc78,0x0000000082200000)
 Metaspace       used 34243K, capacity 35412K, committed 35496K, reserved 1079296K
  class space    used 4717K, capacity 5001K, committed 5040K, reserved 1048576K
Event: 5.385 GC heap after
Heap after GC invocations=11 (full 1):
 PSYoungGen      total 129536K, used 8683K [0x00000000d5580000, 0x00000000e1600000, 0x0000000100000000)
  eden space 120832K, 0% used [0x00000000d5580000,0x00000000d5580000,0x00000000dcb80000)
  from space 8704K, 99% used [0x00000000dd800000,0x00000000de07af08,0x00000000de080000)
  to   space 12800K, 0% used [0x00000000dcb80000,0x00000000dcb80000,0x00000000dd800000)
 ParOldGen       total 34816K, used 13930K [0x0000000080000000, 0x0000000082200000, 0x00000000d5580000)
  object space 34816K, 40% used [0x0000000080000000,0x0000000080d9a9f0,0x0000000082200000)
 Metaspace       used 34243K, capacity 35412K, committed 35496K, reserved 1079296K
  class space    used 4717K, capacity 5001K, committed 5040K, reserved 1048576K
}
Event: 5.385 GC heap before
{Heap before GC invocations=12 (full 2):
 PSYoungGen      total 129536K, used 8683K [0x00000000d5580000, 0x00000000e1600000, 0x0000000100000000)
  eden space 120832K, 0% used [0x00000000d5580000,0x00000000d5580000,0x00000000dcb80000)
  from space 8704K, 99% used [0x00000000dd800000,0x00000000de07af08,0x00000000de080000)
  to   space 12800K, 0% used [0x00000000dcb80000,0x00000000dcb80000,0x00000000dd800000)
 ParOldGen       total 34816K, used 13930K [0x0000000080000000, 0x0000000082200000, 0x00000000d5580000)
  object space 34816K, 40% used [0x0000000080000000,0x0000000080d9a9f0,0x0000000082200000)
 Metaspace       used 34243K, capacity 35412K, committed 35496K, reserved 1079296K
  class space    used 4717K, capacity 5001K, committed 5040K, reserved 1048576K

