# JRE version: OpenJDK Runtime Environment (8.0_242-b01) (build 1.8.0_242-release-1644-b01)
# Java VM: OpenJDK 64-Bit Server VM (25.242-b01 mixed mode windows-amd64 compressed oops)
Heap:
 PSYoungGen      total 318976K, used 34672K [0x00000000d5580000, 0x00000000ed880000, 0x0000000100000000)
  eden space 264192K, 1% used [0x00000000d5580000,0x00000000d5a27340,0x00000000e5780000)
  from space 54784K, 54% used [0x00000000e5780000,0x00000000e74b4e10,0x00000000e8d00000)
  to   space 39936K, 0% used [0x00000000e8d00000,0x00000000e8d00000,0x00000000eb400000)
 ParOldGen       total 141824K, used 54076K [0x0000000080000000, 0x0000000088a80000, 0x00000000d5580000)
  object space 141824K, 38% used [0x0000000080000000,0x00000000834cf1f8,0x0000000088a80000)
 Metaspace       used 100496K, capacity 105538K, committed 105624K, reserved 1140736K
  class space    used 13273K, capacity 14237K, committed 14256K, reserved 1048576K
GC Heap History (10 events):
Event: 196.364 GC heap before
{Heap before GC invocations=17 (full 3):
 PSYoungGen      total 229888K, used 228618K [0x00000000d5580000, 0x00000000e7100000, 0x0000000100000000)
  eden space 208896K, 100% used [0x00000000d5580000,0x00000000e2180000,0x00000000e2180000)
  from space 20992K, 93% used [0x00000000e2180000,0x00000000e34c2990,0x00000000e3600000)
  to   space 24064K, 0% used [0x00000000e5980000,0x00000000e5980000,0x00000000e7100000)
 ParOldGen       total 94208K, used 38083K [0x0000000080000000, 0x0000000085c00000, 0x00000000d5580000)
  object space 94208K, 40% used [0x0000000080000000,0x0000000082530fd0,0x0000000085c00000)
 Metaspace       used 75847K, capacity 79196K, committed 79256K, reserved 1118208K
  class space    used 9998K, capacity 10649K, committed 10672K, reserved 1048576K
Event: 196.418 GC heap after
Heap after GC invocations=17 (full 3):
 PSYoungGen      total 264192K, used 19127K [0x00000000d5580000, 0x00000000e7480000, 0x0000000100000000)
  eden space 240128K, 0% used [0x00000000d5580000,0x00000000d5580000,0x00000000e4000000)
  from space 24064K, 79% used [0x00000000e5980000,0x00000000e6c2dcf8,0x00000000e7100000)
  to   space 26112K, 0% used [0x00000000e4000000,0x00000000e4000000,0x00000000e5980000)
 ParOldGen       total 94208K, used 38091K [0x0000000080000000, 0x0000000085c00000, 0x00000000d5580000)
  object space 94208K, 40% used [0x0000000080000000,0x0000000082532fd0,0x0000000085c00000)
 Metaspace       used 75847K, capacity 79196K, committed 79256K, reserved 1118208K
  class space    used 9998K, capacity 10649K, committed 10672K, reserved 1048576K
}
Event: 199.789 GC heap before
{Heap before GC invocations=18 (full 3):
 PSYoungGen      total 264192K, used 259255K [0x00000000d5580000, 0x00000000e7480000, 0x0000000100000000)
  eden space 240128K, 100% used [0x00000000d5580000,0x00000000e4000000,0x00000000e4000000)
  from space 24064K, 79% used [0x00000000e5980000,0x00000000e6c2dcf8,0x00000000e7100000)
  to   space 26112K, 0% used [0x00000000e4000000,0x00000000e4000000,0x00000000e5980000)
 ParOldGen       total 94208K, used 38091K [0x0000000080000000, 0x0000000085c00000, 0x00000000d5580000)
  object space 94208K, 40% used [0x0000000080000000,0x0000000082532fd0,0x0000000085c00000)
 Metaspace       used 81888K, capacity 85636K, committed 85784K, reserved 1124352K
  class space    used 10779K, capacity 11463K, committed 11568K, reserved 1048576K
Event: 199.844 GC heap after
Heap after GC invocations=18 (full 3):
 PSYoungGen      total 266240K, used 26107K [0x00000000d5580000, 0x00000000eb400000, 0x0000000100000000)
  eden space 240128K, 0% used [0x00000000d5580000,0x00000000d5580000,0x00000000e4000000)
  from space 26112K, 99% used [0x00000000e4000000,0x00000000e597ef78,0x00000000e5980000)
  to   space 39936K, 0% used [0x00000000e8d00000,0x00000000e8d00000,0x00000000eb400000)
 ParOldGen       total 94208K, used 64060K [0x0000000080000000, 0x0000000085c00000, 0x00000000d5580000)
  object space 94208K, 67% used [0x0000000080000000,0x0000000083e8f150,0x0000000085c00000)
 Metaspace       used 81888K, capacity 85636K, committed 85784K, reserved 1124352K
  class space    used 10779K, capacity 11463K, committed 11568K, reserved 1048576K
}
Event: 208.230 GC heap before
{Heap before GC invocations=19 (full 3):
 PSYoungGen      total 266240K, used 266235K [0x00000000d5580000, 0x00000000eb400000, 0x0000000100000000)
  eden space 240128K, 100% used [0x00000000d5580000,0x00000000e4000000,0x00000000e4000000)
  from space 26112K, 99% used [0x00000000e4000000,0x00000000e597ef78,0x00000000e5980000)
  to   space 39936K, 0% used [0x00000000e8d00000,0x00000000e8d00000,0x00000000eb400000)
 ParOldGen       total 94208K, used 64060K [0x0000000080000000, 0x0000000085c00000, 0x00000000d5580000)
  object space 94208K, 67% used [0x0000000080000000,0x0000000083e8f150,0x0000000085c00000)
 Metaspace       used 87563K, capacity 91942K, committed 92056K, reserved 1128448K
  class space    used 11613K, capacity 12448K, committed 12464K, reserved 1048576K
Event: 208.484 GC heap after
Heap after GC invocations=19 (full 3):
 PSYoungGen      total 304128K, used 39914K [0x00000000d5580000, 0x00000000ed880000, 0x0000000100000000)
  eden space 264192K, 0% used [0x00000000d5580000,0x00000000d5580000,0x00000000e5780000)
  from space 39936K, 99% used [0x00000000e8d00000,0x00000000eb3fa9c8,0x00000000eb400000)
  to   space 54784K, 0% used [0x00000000e5780000,0x00000000e5780000,0x00000000e8d00000)
 ParOldGen       total 94208K, used 85191K [0x0000000080000000, 0x0000000085c00000, 0x00000000d5580000)
  object space 94208K, 90% used [0x0000000080000000,0x0000000085331ed8,0x0000000085c00000)
 Metaspace       used 87563K, capacity 91942K, committed 92056K, reserved 1128448K
  class space    used 11613K, capacity 12448K, committed 12464K, reserved 1048576K
}
Event: 208.484 GC heap before
{Heap before GC invocations=20 (full 4):
 PSYoungGen      total 304128K, used 39914K [0x00000000d5580000, 0x00000000ed880000, 0x0000000100000000)
  eden space 264192K, 0% used [0x00000000d5580000,0x00000000d5580000,0x00000000e5780000)
  from space 39936K, 99% used [0x00000000e8d00000,0x00000000eb3fa9c8,0x00000000eb400000)
  to   space 54784K, 0% used [0x00000000e5780000,0x00000000e5780000,0x00000000e8d00000)
 ParOldGen       total 94208K, used 85191K [0x0000000080000000, 0x0000000085c00000, 0x00000000d5580000)
  object space 94208K, 90% used [0x0000000080000000,0x0000000085331ed8,0x0000000085c00000)
 Metaspace       used 87563K, capacity 91942K, committed 92056K, reserved 1128448K
  class space    used 11613K, capacity 12448K, committed 12464K, reserved 1048576K
Event: 209.733 GC heap after
Heap after GC invocations=20 (full 4):
 PSYoungGen      total 304128K, used 0K [0x00000000d5580000, 0x00000000ed880000, 0x0000000100000000)
  eden space 264192K, 0% used [0x00000000d5580000,0x00000000d5580000,0x00000000e5780000)
  from space 39936K, 0% used [0x00000000e8d00000,0x00000000e8d00000,0x00000000eb400000)
  to   space 54784K, 0% used [0x00000000e5780000,0x00000000e5780000,0x00000000e8d00000)
 ParOldGen       total 141824K, used 54068K [0x0000000080000000, 0x0000000088a80000, 0x00000000d5580000)
  object space 141824K, 38% used [0x0000000080000000,0x00000000834cd1f8,0x0000000088a80000)
 Metaspace       used 87403K, capacity 91480K, committed 92056K, reserved 1128448K
  class space    used 11560K, capacity 12355K, committed 12464K, reserved 1048576K
}
Event: 229.155 GC heap before
{Heap before GC invocations=21 (full 4):
 PSYoungGen      total 304128K, used 264192K [0x00000000d5580000, 0x00000000ed880000, 0x0000000100000000)
  eden space 264192K, 100% used [0x00000000d5580000,0x00000000e5780000,0x00000000e5780000)
  from space 39936K, 0% used [0x00000000e8d00000,0x00000000e8d00000,0x00000000eb400000)
  to   space 54784K, 0% used [0x00000000e5780000,0x00000000e5780000,0x00000000e8d00000)
 ParOldGen       total 141824K, used 54068K [0x0000000080000000, 0x0000000088a80000, 0x00000000d5580000)
  object space 141824K, 38% used [0x0000000080000000,0x00000000834cd1f8,0x0000000088a80000)
 Metaspace       used 100486K, capacity 105530K, committed 105624K, reserved 1140736K
  class space    used 13270K, capacity 14235K, committed 14256K, reserved 1048576K
Event: 229.967 GC heap after
Heap after GC invocations=21 (full 4):
 PSYoungGen      total 318976K, used 29907K [0x00000000d5580000, 0x00000000ed880000, 0x0000000100000000)
  eden space 264192K, 0% used [0x00000000d5580000,0x00000000d5580000,0x00000000e5780000)
  from space 54784K, 54% used [0x00000000e5780000,0x00000000e74b4e10,0x00000000e8d00000)
  to   space 39936K, 0% used [0x00000000e8d00000,0x00000000e8d00000,0x00000000eb400000)
 ParOldGen       total 141824K, used 54076K [0x0000000080000000, 0x0000000088a80000, 0x00000000d5580000)
  object space 141824K, 38% used [0x0000000080000000,0x00000000834cf1f8,0x0000000088a80000)
 Metaspace       used 100486K, capacity 105530K, committed 105624K, reserved 1140736K
  class space    used 13270K, capacity 14235K, committed 14256K, reserved 1048576K
}

