# JRE version: OpenJDK Runtime Environment (8.0_242-b01) (build 1.8.0_242-release-1644-b01)
# Java VM: OpenJDK 64-Bit Server VM (25.242-b01 mixed mode windows-amd64 compressed oops)
Heap:
 PSYoungGen      total 427520K, used 188128K [0x00000000d5580000, 0x00000000f4f00000, 0x0000000100000000)
  eden space 359936K, 47% used [0x00000000d5580000,0x00000000dfd54850,0x00000000eb500000)
  from space 67584K, 24% used [0x00000000f0d00000,0x00000000f1ce39a0,0x00000000f4f00000)
  to   space 78848K, 0% used [0x00000000eb500000,0x00000000eb500000,0x00000000f0200000)
 ParOldGen       total 243712K, used 117208K [0x0000000080000000, 0x000000008ee00000, 0x00000000d5580000)
  object space 243712K, 48% used [0x0000000080000000,0x0000000087276040,0x000000008ee00000)
 Metaspace       used 101376K, capacity 108068K, committed 108184K, reserved 1142784K
  class space    used 13303K, capacity 14466K, committed 14512K, reserved 1048576K
GC Heap History (10 events):
Event: 1929.225 GC heap before
{Heap before GC invocations=25 (full 5):
 PSYoungGen      total 330752K, used 330740K [0x00000000d5580000, 0x00000000ede80000, 0x0000000100000000)
  eden space 298496K, 100% used [0x00000000d5580000,0x00000000e7900000,0x00000000e7900000)
  from space 32256K, 99% used [0x00000000ea780000,0x00000000ec6fd288,0x00000000ec700000)
  to   space 47616K, 0% used [0x00000000e7900000,0x00000000e7900000,0x00000000ea780000)
 ParOldGen       total 153088K, used 88154K [0x0000000080000000, 0x0000000089580000, 0x00000000d5580000)
  object space 153088K, 57% used [0x0000000080000000,0x0000000085616908,0x0000000089580000)
 Metaspace       used 94387K, capacity 100154K, committed 100376K, reserved 1136640K
  class space    used 12495K, capacity 13493K, committed 13616K, reserved 1048576K
Event: 1929.488 GC heap after
Heap after GC invocations=25 (full 5):
 PSYoungGen      total 346112K, used 47602K [0x00000000d5580000, 0x00000000f1100000, 0x0000000100000000)
  eden space 298496K, 0% used [0x00000000d5580000,0x00000000d5580000,0x00000000e7900000)
  from space 47616K, 99% used [0x00000000e7900000,0x00000000ea77c8e8,0x00000000ea780000)
  to   space 59392K, 0% used [0x00000000ed700000,0x00000000ed700000,0x00000000f1100000)
 ParOldGen       total 153088K, used 97754K [0x0000000080000000, 0x0000000089580000, 0x00000000d5580000)
  object space 153088K, 63% used [0x0000000080000000,0x0000000085f76b60,0x0000000089580000)
 Metaspace       used 94387K, capacity 100154K, committed 100376K, reserved 1136640K
  class space    used 12495K, capacity 13493K, committed 13616K, reserved 1048576K
}
Event: 1936.751 GC heap before
{Heap before GC invocations=26 (full 5):
 PSYoungGen      total 346112K, used 346098K [0x00000000d5580000, 0x00000000f1100000, 0x0000000100000000)
  eden space 298496K, 100% used [0x00000000d5580000,0x00000000e7900000,0x00000000e7900000)
  from space 47616K, 99% used [0x00000000e7900000,0x00000000ea77c8e8,0x00000000ea780000)
  to   space 59392K, 0% used [0x00000000ed700000,0x00000000ed700000,0x00000000f1100000)
 ParOldGen       total 153088K, used 97754K [0x0000000080000000, 0x0000000089580000, 0x00000000d5580000)
  object space 153088K, 63% used [0x0000000080000000,0x0000000085f76b60,0x0000000089580000)
 Metaspace       used 100594K, capacity 106746K, committed 107032K, reserved 1142784K
  class space    used 13240K, capacity 14349K, committed 14384K, reserved 1048576K
Event: 1937.043 GC heap after
Heap after GC invocations=26 (full 5):
 PSYoungGen      total 369152K, used 59391K [0x00000000d5580000, 0x00000000f5400000, 0x0000000100000000)
  eden space 309760K, 0% used [0x00000000d5580000,0x00000000d5580000,0x00000000e8400000)
  from space 59392K, 99% used [0x00000000ed700000,0x00000000f10ffc78,0x00000000f1100000)
  to   space 84992K, 0% used [0x00000000e8400000,0x00000000e8400000,0x00000000ed700000)
 ParOldGen       total 153088K, used 139688K [0x0000000080000000, 0x0000000089580000, 0x00000000d5580000)
  object space 153088K, 91% used [0x0000000080000000,0x000000008886a150,0x0000000089580000)
 Metaspace       used 100594K, capacity 106746K, committed 107032K, reserved 1142784K
  class space    used 13240K, capacity 14349K, committed 14384K, reserved 1048576K
}
Event: 1937.043 GC heap before
{Heap before GC invocations=27 (full 6):
 PSYoungGen      total 369152K, used 59391K [0x00000000d5580000, 0x00000000f5400000, 0x0000000100000000)
  eden space 309760K, 0% used [0x00000000d5580000,0x00000000d5580000,0x00000000e8400000)
  from space 59392K, 99% used [0x00000000ed700000,0x00000000f10ffc78,0x00000000f1100000)
  to   space 84992K, 0% used [0x00000000e8400000,0x00000000e8400000,0x00000000ed700000)
 ParOldGen       total 153088K, used 139688K [0x0000000080000000, 0x0000000089580000, 0x00000000d5580000)
  object space 153088K, 91% used [0x0000000080000000,0x000000008886a150,0x0000000089580000)
 Metaspace       used 100594K, capacity 106746K, committed 107032K, reserved 1142784K
  class space    used 13240K, capacity 14349K, committed 14384K, reserved 1048576K
Event: 1938.139 GC heap after
Heap after GC invocations=27 (full 6):
 PSYoungGen      total 369152K, used 0K [0x00000000d5580000, 0x00000000f5400000, 0x0000000100000000)
  eden space 309760K, 0% used [0x00000000d5580000,0x00000000d5580000,0x00000000e8400000)
  from space 59392K, 0% used [0x00000000ed700000,0x00000000ed700000,0x00000000f1100000)
  to   space 84992K, 0% used [0x00000000e8400000,0x00000000e8400000,0x00000000ed700000)
 ParOldGen       total 243712K, used 117192K [0x0000000080000000, 0x000000008ee00000, 0x00000000d5580000)
  object space 243712K, 48% used [0x0000000080000000,0x0000000087272040,0x000000008ee00000)
 Metaspace       used 100576K, capacity 106692K, committed 107032K, reserved 1142784K
  class space    used 13233K, capacity 14338K, committed 14384K, reserved 1048576K
}
Event: 1995.654 GC heap before
{Heap before GC invocations=28 (full 6):
 PSYoungGen      total 369152K, used 309760K [0x00000000d5580000, 0x00000000f5400000, 0x0000000100000000)
  eden space 309760K, 100% used [0x00000000d5580000,0x00000000e8400000,0x00000000e8400000)
  from space 59392K, 0% used [0x00000000ed700000,0x00000000ed700000,0x00000000f1100000)
  to   space 84992K, 0% used [0x00000000e8400000,0x00000000e8400000,0x00000000ed700000)
 ParOldGen       total 243712K, used 117192K [0x0000000080000000, 0x000000008ee00000, 0x00000000d5580000)
  object space 243712K, 48% used [0x0000000080000000,0x0000000087272040,0x000000008ee00000)
 Metaspace       used 101089K, capacity 107710K, committed 107928K, reserved 1142784K
  class space    used 13301K, capacity 14463K, committed 14512K, reserved 1048576K
Event: 1995.932 GC heap after
Heap after GC invocations=28 (full 6):
 PSYoungGen      total 394752K, used 35770K [0x00000000d5580000, 0x00000000f5c80000, 0x0000000100000000)
  eden space 309760K, 0% used [0x00000000d5580000,0x00000000d5580000,0x00000000e8400000)
  from space 84992K, 42% used [0x00000000e8400000,0x00000000ea6eebe0,0x00000000ed700000)
  to   space 81408K, 0% used [0x00000000f0d00000,0x00000000f0d00000,0x00000000f5c80000)
 ParOldGen       total 243712K, used 117200K [0x0000000080000000, 0x000000008ee00000, 0x00000000d5580000)
  object space 243712K, 48% used [0x0000000080000000,0x0000000087274040,0x000000008ee00000)
 Metaspace       used 101089K, capacity 107710K, committed 107928K, reserved 1142784K
  class space    used 13301K, capacity 14463K, committed 14512K, reserved 1048576K
}
Event: 3812.109 GC heap before
{Heap before GC invocations=29 (full 6):
 PSYoungGen      total 394752K, used 345530K [0x00000000d5580000, 0x00000000f5c80000, 0x0000000100000000)
  eden space 309760K, 100% used [0x00000000d5580000,0x00000000e8400000,0x00000000e8400000)
  from space 84992K, 42% used [0x00000000e8400000,0x00000000ea6eebe0,0x00000000ed700000)
  to   space 81408K, 0% used [0x00000000f0d00000,0x00000000f0d00000,0x00000000f5c80000)
 ParOldGen       total 243712K, used 117200K [0x0000000080000000, 0x000000008ee00000, 0x00000000d5580000)
  object space 243712K, 48% used [0x0000000080000000,0x0000000087274040,0x000000008ee00000)
 Metaspace       used 101210K, capacity 107860K, committed 107928K, reserved 1142784K
  class space    used 13303K, capacity 14466K, committed 14512K, reserved 1048576K
Event: 3812.330 GC heap after
Heap after GC invocations=29 (full 6):
 PSYoungGen      total 427520K, used 16270K [0x00000000d5580000, 0x00000000f4f00000, 0x0000000100000000)
  eden space 359936K, 0% used [0x00000000d5580000,0x00000000d5580000,0x00000000eb500000)
  from space 67584K, 24% used [0x00000000f0d00000,0x00000000f1ce39a0,0x00000000f4f00000)
  to   space 78848K, 0% used [0x00000000eb500000,0x00000000eb500000,0x00000000f0200000)
 ParOldGen       total 243712K, used 117208K [0x0000000080000000, 0x000000008ee00000, 0x00000000d5580000)
  object space 243712K, 48% used [0x0000000080000000,0x0000000087276040,0x000000008ee00000)
 Metaspace       used 101210K, capacity 107860K, committed 107928K, reserved 1142784K
  class space    used 13303K, capacity 14466K, committed 14512K, reserved 1048576K
}

