# JRE version: OpenJDK Runtime Environment (8.0_242-b01) (build 1.8.0_242-release-1644-b01)
# Java VM: OpenJDK 64-Bit Server VM (25.242-b01 mixed mode windows-amd64 compressed oops)
Heap:
 PSYoungGen      total 185344K, used 138369K [0x00000000d5580000, 0x00000000e4980000, 0x0000000100000000)
  eden space 172544K, 73% used [0x00000000d5580000,0x00000000dd18cd68,0x00000000dfe00000)
  from space 12800K, 88% used [0x00000000dfe00000,0x00000000e09136c0,0x00000000e0a80000)
  to   space 14336K, 0% used [0x00000000e3b80000,0x00000000e3b80000,0x00000000e4980000)
 ParOldGen       total 52224K, used 15303K [0x0000000080000000, 0x0000000083300000, 0x00000000d5580000)
  object space 52224K, 29% used [0x0000000080000000,0x0000000080ef1ef8,0x0000000083300000)
 Metaspace       used 52337K, capacity 54376K, committed 54568K, reserved 1095680K
  class space    used 6967K, capacity 7410K, committed 7472K, reserved 1048576K
GC Heap History (10 events):
Event: 3.046 GC heap before
{Heap before GC invocations=9 (full 1):
 PSYoungGen      total 133632K, used 4428K [0x00000000d5580000, 0x00000000de180000, 0x0000000100000000)
  eden space 124928K, 0% used [0x00000000d5580000,0x00000000d5580000,0x00000000dcf80000)
  from space 8704K, 50% used [0x00000000dd900000,0x00000000ddd533d0,0x00000000de180000)
  to   space 9216K, 0% used [0x00000000dcf80000,0x00000000dcf80000,0x00000000dd880000)
 ParOldGen       total 42496K, used 9005K [0x0000000080000000, 0x0000000082980000, 0x00000000d5580000)
  object space 42496K, 21% used [0x0000000080000000,0x00000000808cb760,0x0000000082980000)
 Metaspace       used 20577K, capacity 21224K, committed 21296K, reserved 1067008K
  class space    used 2877K, capacity 3076K, committed 3120K, reserved 1048576K
Event: 3.083 GC heap after
Heap after GC invocations=9 (full 1):
 PSYoungGen      total 133632K, used 0K [0x00000000d5580000, 0x00000000de180000, 0x0000000100000000)
  eden space 124928K, 0% used [0x00000000d5580000,0x00000000d5580000,0x00000000dcf80000)
  from space 8704K, 0% used [0x00000000dd900000,0x00000000dd900000,0x00000000de180000)
  to   space 9216K, 0% used [0x00000000dcf80000,0x00000000dcf80000,0x00000000dd880000)
 ParOldGen       total 32768K, used 7364K [0x0000000080000000, 0x0000000082000000, 0x00000000d5580000)
  object space 32768K, 22% used [0x0000000080000000,0x00000000807312e8,0x0000000082000000)
 Metaspace       used 20577K, capacity 21224K, committed 21296K, reserved 1067008K
  class space    used 2877K, capacity 3076K, committed 3120K, reserved 1048576K
}
Event: 4.382 GC heap before
{Heap before GC invocations=10 (full 1):
 PSYoungGen      total 133632K, used 124928K [0x00000000d5580000, 0x00000000de180000, 0x0000000100000000)
  eden space 124928K, 100% used [0x00000000d5580000,0x00000000dcf80000,0x00000000dcf80000)
  from space 8704K, 0% used [0x00000000dd900000,0x00000000dd900000,0x00000000de180000)
  to   space 9216K, 0% used [0x00000000dcf80000,0x00000000dcf80000,0x00000000dd880000)
 ParOldGen       total 32768K, used 7364K [0x0000000080000000, 0x0000000082000000, 0x00000000d5580000)
  object space 32768K, 22% used [0x0000000080000000,0x00000000807312e8,0x0000000082000000)
 Metaspace       used 32638K, capacity 33642K, committed 33712K, reserved 1079296K
  class space    used 4454K, capacity 4719K, committed 4784K, reserved 1048576K
Event: 4.397 GC heap after
Heap after GC invocations=10 (full 1):
 PSYoungGen      total 134144K, used 9196K [0x00000000d5580000, 0x00000000e1680000, 0x0000000100000000)
  eden space 124928K, 0% used [0x00000000d5580000,0x00000000d5580000,0x00000000dcf80000)
  from space 9216K, 99% used [0x00000000dcf80000,0x00000000dd87b130,0x00000000dd880000)
  to   space 12288K, 0% used [0x00000000e0a80000,0x00000000e0a80000,0x00000000e1680000)
 ParOldGen       total 32768K, used 12040K [0x0000000080000000, 0x0000000082000000, 0x00000000d5580000)
  object space 32768K, 36% used [0x0000000080000000,0x0000000080bc20b8,0x0000000082000000)
 Metaspace       used 32638K, capacity 33642K, committed 33712K, reserved 1079296K
  class space    used 4454K, capacity 4719K, committed 4784K, reserved 1048576K
}
Event: 4.754 GC heap before
{Heap before GC invocations=11 (full 1):
 PSYoungGen      total 134144K, used 52639K [0x00000000d5580000, 0x00000000e1680000, 0x0000000100000000)
  eden space 124928K, 34% used [0x00000000d5580000,0x00000000d7fecd48,0x00000000dcf80000)
  from space 9216K, 99% used [0x00000000dcf80000,0x00000000dd87b130,0x00000000dd880000)
  to   space 12288K, 0% used [0x00000000e0a80000,0x00000000e0a80000,0x00000000e1680000)
 ParOldGen       total 32768K, used 12040K [0x0000000080000000, 0x0000000082000000, 0x00000000d5580000)
  object space 32768K, 36% used [0x0000000080000000,0x0000000080bc20b8,0x0000000082000000)
 Metaspace       used 34275K, capacity 35412K, committed 35496K, reserved 1079296K
  class space    used 4723K, capacity 5001K, committed 5040K, reserved 1048576K
Event: 4.765 GC heap after
Heap after GC invocations=11 (full 1):
 PSYoungGen      total 184832K, used 8839K [0x00000000d5580000, 0x00000000e1980000, 0x0000000100000000)
  eden space 172544K, 0% used [0x00000000d5580000,0x00000000d5580000,0x00000000dfe00000)
  from space 12288K, 71% used [0x00000000e0a80000,0x00000000e1321df8,0x00000000e1680000)
  to   space 12800K, 0% used [0x00000000dfe00000,0x00000000dfe00000,0x00000000e0a80000)
 ParOldGen       total 32768K, used 12048K [0x0000000080000000, 0x0000000082000000, 0x00000000d5580000)
  object space 32768K, 36% used [0x0000000080000000,0x0000000080bc40b8,0x0000000082000000)
 Metaspace       used 34275K, capacity 35412K, committed 35496K, reserved 1079296K
  class space    used 4723K, capacity 5001K, committed 5040K, reserved 1048576K
}
Event: 4.765 GC heap before
{Heap before GC invocations=12 (full 2):
 PSYoungGen      total 184832K, used 8839K [0x00000000d5580000, 0x00000000e1980000, 0x0000000100000000)
  eden space 172544K, 0% used [0x00000000d5580000,0x00000000d5580000,0x00000000dfe00000)
  from space 12288K, 71% used [0x00000000e0a80000,0x00000000e1321df8,0x00000000e1680000)
  to   space 12800K, 0% used [0x00000000dfe00000,0x00000000dfe00000,0x00000000e0a80000)
 ParOldGen       total 32768K, used 12048K [0x0000000080000000, 0x0000000082000000, 0x00000000d5580000)
  object space 32768K, 36% used [0x0000000080000000,0x0000000080bc40b8,0x0000000082000000)
 Metaspace       used 34275K, capacity 35412K, committed 35496K, reserved 1079296K
  class space    used 4723K, capacity 5001K, committed 5040K, reserved 1048576K
Event: 4.822 GC heap after
Heap after GC invocations=12 (full 2):
 PSYoungGen      total 184832K, used 0K [0x00000000d5580000, 0x00000000e1980000, 0x0000000100000000)
  eden space 172544K, 0% used [0x00000000d5580000,0x00000000d5580000,0x00000000dfe00000)
  from space 12288K, 0% used [0x00000000e0a80000,0x00000000e0a80000,0x00000000e1680000)
  to   space 12800K, 0% used [0x00000000dfe00000,0x00000000dfe00000,0x00000000e0a80000)
 ParOldGen       total 52224K, used 15295K [0x0000000080000000, 0x0000000083300000, 0x00000000d5580000)
  object space 52224K, 29% used [0x0000000080000000,0x0000000080eefef8,0x0000000083300000)
 Metaspace       used 34275K, capacity 35412K, committed 35496K, reserved 1079296K
  class space    used 4723K, capacity 5001K, committed 5040K, reserved 1048576K
}
Event: 6.231 GC heap before
{Heap before GC invocations=13 (full 2):
 PSYoungGen      total 184832K, used 172544K [0x00000000d5580000, 0x00000000e1980000, 0x0000000100000000)
  eden space 172544K, 100% used [0x00000000d5580000,0x00000000dfe00000,0x00000000dfe00000)
  from space 12288K, 0% used [0x00000000e0a80000,0x00000000e0a80000,0x00000000e1680000)
  to   space 12800K, 0% used [0x00000000dfe00000,0x00000000dfe00000,0x00000000e0a80000)
 ParOldGen       total 52224K, used 15295K [0x0000000080000000, 0x0000000083300000, 0x00000000d5580000)
  object space 52224K, 29% used [0x0000000080000000,0x0000000080eefef8,0x0000000083300000)
 Metaspace       used 42285K, capacity 44048K, committed 44328K, reserved 1087488K
  class space    used 5778K, capacity 6166K, committed 6192K, reserved 1048576K
Event: 6.245 GC heap after
Heap after GC invocations=13 (full 2):
 PSYoungGen      total 185344K, used 11341K [0x00000000d5580000, 0x00000000e4980000, 0x0000000100000000)
  eden space 172544K, 0% used [0x00000000d5580000,0x00000000d5580000,0x00000000dfe00000)
  from space 12800K, 88% used [0x00000000dfe00000,0x00000000e09136c0,0x00000000e0a80000)
  to   space 14336K, 0% used [0x00000000e3b80000,0x00000000e3b80000,0x00000000e4980000)
 ParOldGen       total 52224K, used 15303K [0x0000000080000000, 0x0000000083300000, 0x00000000d5580000)
  object space 52224K, 29% used [0x0000000080000000,0x0000000080ef1ef8,0x0000000083300000)
 Metaspace       used 42285K, capacity 44048K, committed 44328K, reserved 1087488K
  class space    used 5778K, capacity 6166K, committed 6192K, reserved 1048576K
}

